2350991796
25385314
-838580
-8641312
6565180058
180636586
34620337
9732694
377489894
-4704546
61162403
-5489919
2451113872
68399098
3735202720
2549607899
466206397
70295488
5909101278
6925713791
462068333
-7680432
131533126
1687290270
-1326799
844093839
382723273
1140904984
21472502
244769074
1049303848
1397479071
99057704
28780138
164690652
413389739
59438004
-3761421
1268274955
300499690
70763886
1908176800
1287647959
8586728
2857116542
188496082
2759240
4071280
60281265
-4082106
1785548182
267129668
-8052636
781460256
-7172196
1588092724
699159303
584081007
879286648
10127116
-9098251
-3080017
2762190048
107639156
1069468454
2170400239
25451769
4400603400
154358888
16877355
550981211
-5729127
31298992
-5533465
2795386791
56000850
2632170152
151713705
-2727840
611999266
214055270
-2297022
165558630
49056859
-6699976
2855118
49910488
10160966
9447707453
770901108
947452951
2273094256
1177502
389030474
-3933283
8530397952
13283205563
-8699340
4392065005
11
