1 3195
2 3871
3 3202
4 6772
5 6318
6 3350
7 2543
1 7297
2 6937
3 5012
4 4144
5 1302
6 2067
7 1108
8 71
9 6110
10 4981
11 1526
12 7534
13 3292
14 9860
15 1028
16 3024
17 7943
18 6541
19 3804
20 8333
21 4541
22 8354
23 2039
24 9613
25 2621
26 9014
27 7235
28 4289
29 6438
30 8735
31 3213
32 4341
33 5489
34 7393
35 5016
36 9775
37 3955
38 6257
39 6117
40 3923
41 2572
42 2925
43 1163
44 8532
45 669
46 1507
47 913
48 1706
49 687
50 3861
51 6867
52 1078
53 998
54 7081
55 1465
56 1404
57 3579
58 5989
59 2085
60 1960
61 419
62 3913
1 3741
1 3786
2 5854
3 8439
4 736
5 201
6 1903
7 1551
8 4520
9 4512
10 7091
11 2917
12 2349
13 6911
14 1982
15 1681
16 9155
17 1609
18 1153
19 8668
20 530
21 462
22 3220
23 1443
24 5204
25 183
26 1573
27 6231
28 3201
29 8034
30 9103
31 8248
32 4046
33 1855
34 6207
35 483
36 7889
37 8698
38 5603
39 8921
40 3768
41 1147
42 6388
43 5058
44 2490
45 2362
46 6213
47 3506
48 2205
49 6806
50 2316
51 11
52 8442
53 9639
54 6625
55 3395
56 7471
57 2546
58 9780
59 3865
60 194
61 1358
62 7667
63 6026
64 7554
65 5217
66 4157
67 1294
68 4543
69 1456
70 9042
71 1705
72 5404
73 8383
74 211
75 3227
76 2042
77 6617
78 5328
79 5153
80 6095
81 8450
82 6142
83 3198
84 9909
85 9851
86 2729
87 187
88 5167
89 7830
90 2732
91 9725
92 1521
1 8596
2 297
3 2289
4 6439
5 9990
6 7942
7 495
8 1389
9 7778
10 3557
11 1462
12 491
13 7858
14 6849
15 5740
16 8280
17 1885
18 2720
19 8165
20 9939
21 4796
22 8006
23 3340
1 235
2 5442
3 1251
4 9379
5 3951
6 2274
7 1907
8 3254
9 1018
10 2304
11 1895
12 1626
13 9981
14 6094
15 9134
16 6898
17 4126
18 4214
19 2889
20 1516
21 1951
22 1950
23 7231
24 9986
25 917
26 2566
27 4138
28 1819
29 7645
30 7910
31 7664
32 3332
33 9266
34 7542
35 8490
36 2657
37 807
38 2354
39 2872
40 1077
41 5733
1 7314
1 377
2 6605
3 2907
4 1684
5 7098
6 549
7 400
8 1993
9 7025
10 1280
11 8350
12 1424
13 5434
14 6315
15 7343
16 4745
17 8664
18 5115
19 3329
20 9630
21 5033
22 2581
23 1013
24 9499
25 380
26 1169
27 7541
28 1471
29 33
30 5500
31 7273
32 4627
33 7456
34 7933
35 4652
36 8091
37 1996
38 6027
39 1050
40 6891
41 265
42 6956
43 1403
1 6568
2 9021
3 8465
4 107
5 3264
6 3000
7 6199
8 6913
9 7616
10 2028
11 2852
12 9122
13 8523
14 373
15 2518
16 729
17 444
18 9328
19 7464
20 1207
21 1433
22 6581
23 536
24 9616
25 2982
26 9447
27 4222
28 1828
29 9826
30 8692
31 5846
32 1188
33 9717
34 3382
35 3356
36 1823
37 4995
38 2589
39 5184
40 4742
41 2364
42 6475
43 2999
44 2071
45 7254
46 9270
47 7120
48 4158
49 2318
50 3731
51 7685
52 2332
53 5380
54 8102
55 977
56 6894
57 1209
58 9410
59 8137
60 813
61 9271
62 3347
63 3490
64 7404
65 9291
66 9156
67 1643
68 5589
69 878
70 274
71 8221
72 7770
73 8515
74 4244
75 2549
76 4345
77 8311
78 2878
79 3831
80 8033
81 2645
82 8340
83 3795
84 5555
1 1
2 0
3 0
4 0
5 0
6 0
7 0
8 0
9 0
10 0
