0.481 0.531 0.911
0.681 0.201 0.931
0.316 0.746 0.206
0.439 0.469 0.679
0.419 0.609 0.689
0.396 0.766 0.916
0.770 0.710 0.520
0.403 0.413 1.000
0.171 0.211 0.291
0.237 0.397 0.967
0.558 0.398 0.078
0.988 0.438 0.838
0.942 0.582 0.462
0.997 0.967 1.000
0.316 0.666 0.806
1.000 0.999 0.799
0.994 0.094 0.044
0.093 0.713 1.000
0.512 0.652 0.542
0.778 0.128 1.000
0.863 0.513 0.623
0.607 0.817 0.427
0.191 1.000 0.451
0.551 0.871 0.931
0.708 0.738 0.498
0.152 0.362 0.682
0.943 0.473 1.000
0.810 0.300 0.960
0.863 0.573 0.603
0.903 0.923 0.523
0.422 0.622 0.962
0.819 0.589 0.879
0.819 0.429 0.379
0.704 0.144 0.924
0.784 0.144 0.804
0.752 0.312 0.462
0.146 0.276 0.246
0.382 0.892 0.632
0.841 0.921 0.571
0.898 0.488 0.868
0.974 0.734 0.144
0.767 0.437 0.637
0.622 0.512 0.212
0.209 0.619 0.699
0.992 0.482 0.452
0.391 0.731 0.781
0.284 0.574 0.694
0.127 0.337 0.987
0.713 0.713 0.663
1.000 0.237 0.667
1.000 0.227 0.967
0.749 0.799 0.119
0.561 0.411 0.801
0.334 0.334 0.634
0.754 0.654 0.244
0.390 1.000 0.090
0.227 0.877 0.747
1.000 0.888 0.978
0.408 0.438 0.138
0.043 0.873 0.193
0.908 0.088 0.468
0.554 0.194 0.084
0.079 0.289 0.549
0.203 0.653 0.643
0.408 0.348 0.798
0.522 0.722 0.212
0.994 0.174 0.224
0.303 0.483 0.193
1.000 0.318 0.708
0.139 0.629 0.959
0.782 0.092 0.812
0.073 0.093 0.953
0.950 0.310 1.000
0.806 0.356 0.976
0.227 0.637 0.497
0.603 1.000 0.773
0.133 0.113 0.413
0.456 0.836 0.986
0.731 0.321 0.861
0.622 0.932 0.092
0.670 0.860 0.850
0.542 0.522 0.052
0.510 0.880 0.110
0.287 0.167 0.837
1.000 0.868 0.528
1.000 0.743 0.343
1.000 0.634 0.754
0.062 0.242 0.592
0.533 0.163 0.903
0.853 0.313 0.973
1.000 0.870 0.940
0.540 0.470 0.380
0.129 0.259 1.000
0.821 0.771 0.381
0.258 0.658 0.758
0.227 0.187 0.197
0.571 0.321 0.431
0.101 0.941 0.071
0.441 1.000 0.921
0.569 0.119 0.969
