584390670
929409760
101917818
861005194
311121810
805876936
131620394
465621030
137927513
533979357
399711789
880387098
732244510
29078634
435815573
798626070
497574155
127680781
776521832
614047130
254776690
384637510
588506022
856328245
213063442
551815070
81599571
10083823
233290387
69411249
559006751
240229403
344799808
522954765
79627875
712266409
557312784
932900090
654509014
380084695
962594676
813794748
377600720
228309915
860413456
546358634
770998727
511863414
908713414
937634699
813638751
988539263
357942197
596233894
104852738
724086703
501992940
817279576
306027040
840503246
430996013
85174020
672209351
795104654
924106508
897241930
53638118
492795419
488272777
255769003
854590839
665821780
945653433
434012185
687336100
203657003
475353139
603283140
787526164
476589030
498444540
321457459
336197953
294970946
834714788
594517300
217842073
694922760
758603609
189539972
768013158
576275671
618196670
519682305
847236036
655399616
603790957
162287024
630169078
317631089
685270008
986024128
746890763
569978484
577223560
152727844
623596643
333711953
640050148
189526234
540464397
400462594
32292173
965649470
255930057
489265372
880232
946510419
244525418
328150416
581410756
213588605
672583790
277174961
595159273
146020241
622226277
802727397
368885942
479508844
961197838
28654204
191783523
47242178
650975596
297496860
713674729
259266835
675155825
629436503
961588033
518769995
541479014
745560064
483378856
683502631
928140190
754665146
58709195
725526221
823501135
523748503
965038770
736968126
388815680
947249094
138319412
652878514
438772840
138885799
682144166
626771626
207880404
16319433
104509044
378530311
663593048
564063303
759835102
420334284
588902973
457575148
957539246
722779745
810075749
761994215
837194479
391263839
335575222
399628065
916722377
517181149
358116351
168885025
855007337
262992454
452866696
859670174
506185696
666666800
500969777
507862621
764495883
721504023
699054781
913679200
370653458
444627277
760106942
424364482
431624913
797688776
133804606
601942709
161785749
359496123
697812631
37597416
47537065
438706844
716885120
469110086
45223398
29702709
984852099
796876840
184579395
981880837
220508569
613416971
143320802
981586506
235474596
459258724
331518481
84515833
231129574
9168101
915945057
729074493
71463924
923388993
84794959
303638810
987970986
11798522
734770557
201594560
773552982
520487994
476810844
688592474
497053711
766022884
494310151
68514952
650719172
988454383
620330600
313687619
282192567
65114779
819356724
308236650
181645466
169204381
652350969
814545633
759940183
79666590
412792402
631910844
523975770
20702399
409250534
240299548
944093443
214045874
760287511
442135903
233429452
853515014
335158377
995777195
887082583
485826661
789969858
662729501
880355909
529832204
43071441
998956011
392601415
92745722
164189821
537689828
112670857
464210065
235825891
790088528
824938975
724743266
647235447
598604052
430646512
951527136
688059371
448179955
787064144
949976975
940695143
207516312
537958640
556143983
130119953
518814163
863536368
164568666
655431931
560480708
372379303
33293162
724370910
503689347
815163609
3070538
973035964
597402490
553362969
447137770
207609434
839591940
109005677
689031992
50235745
626550401
338062509
973864955
319390844
830594282
401219486
872554028
18069808
404259745
335456420
744610893
776668841
41401497
872902692
827068783
267387845
509319598
711439048
941768507
232913277
658877231
706050606
727465958
116620089
616236045
266725203
157263675
318329986
931526699
545665779
354712231
357334427
105345244
141507983
390171961
93366280
371633445
510457640
616628429
907268216
141490099
731820047
978330974
90529666
163542086
612755922
890896927
398672726
8147242
118617636
545913095
176048973
114014016
218242324
637478458
763339174
328208174
437981057
362084249
704241591
938564434
705585059
623770997
978159033
546755812
155004631
780462534
267720094
565430081
190684617
873568875
553382367
825098839
355748748
306711828
959157518
463697769
197825323
957509060
412014847
195271444
684764196
234540405
114608839
101232965
975505197
703119569
206473340
518602792
662424537
470250875
803177355
574956893
744137786
42193639
908762108
936590218
366010968
420247930
137681922
468892598
982135462
432193720
18134481
845395401
639940903
647915296
675889123
550495166
96788234
781483579
850697799
672146471
123109892
717935456
226619447
317560895
927390809
600922628
866220375
289515414
468168134
457192283
109570918
463188594
374347538
711675185
408356859
400394681
991282293
265187893
514016343
696890587
948425189
746710698
474924532
439050581
908566174
561580434
682557234
895969526
339954170
993960499
128779303
66593172
183839908
330589508
499546571
335995120
639196519
74342252
646199495
301789831
394146118
842227834
385304698
817017168
618380896
974846671
262120869
556664583
424399139
904143503
210411309
113160310
653817731
248413636
139275926
680628366
148095452
722675558
102174719
928321440
146772659
193568845
444839067
878982203
590938208
638041263
896424198
858520265
478317110
534542588
89874495
728161904
915015185
680789906
375620363
659411562
120034544
182219017
835272595
706408134
335100931
447050913
138131154
279009994
3445381
415089327
833384455
760904
630302059
650505948
796771112
285853771
79165834
643970200
437260530
503887321
541729257
67721595
277902841
207780167
140494491
423659168
829807480
220188305
670255154
307224754
829169772
588101674
191102923
120224353
980606666
684924391
265731859
219913070
307675337
635684721
801372476
677833267
658168777
426317557
471894567
789025740
783192368
676449660
829358078
624230248
253439468
73063689
114587442
551935348
147687875
833357705
84207805
350808822
194375616
450042164
700157608
994158391
490744264
830678483
235225976
897037693
531845315
944249819
462098756
306786052
550688928
828961486
351410111
447025438
344389781
142332680
180245745
57015551
613419496
363976148
494239840
427105483
977074603
530462573
507728151
235377113
242068765
531008036
807281831
639501544
625229211
253884887
718121762
383410152
166950111
851952235
729961895
623686007
997562913
588624419
699588724
172483768
984179984
367802440
78486440
624263964
852803098
107471026
541893627
843664575
337773008
397349453
366296379
687577386
710061297
468258234
922573308
213271925
519291449
182340513
51363927
685968804
864997993
698195229
315561342
862181268
496692648
829101675
333916306
905833185
458274770
478019973
405409484
365618410
709469795
991149563
762545669
334293843
256533963
730052675
610331838
50759371
808177006
224340015
9911384
727822135
519189133
52946849
191992191
66858044
136139540
35458905
991941344
402750588
482416820
391513447
391629135
13663839
22787985
137255783
61283184
79379155
833862705
522837434
358837980
585229086
874600657
342730594
859469711
178031944
260747606
600388024
844838101
799477131
225799975
635717304
750024176
299159556
470465557
675288993
347752225
35437110
544550439
243479766
637228300
813740468
728957644
710550912
281411477
748909028
579160413
896555471
498239018
285677202
177441767
569673885
832417182
120125120
338008054
760952954
750872977
343223173
255052646
478911908
719497235
679654506
928195547
879015416
823685604
786195344
659502501
642180005
545708777
423580021
748256935
293288046
798088592
954875725
62659277
209368829
828012800
588157474
448974114
706876233
634131344
567364251
989352756
424623022
953910799
441317660
362799678
128488841
208757258
334829232
706982789
82680043
338158481
772454213
596465627
150074357
484440530
911490968
896618440
382844372
542299897
653025032
482092699
668206931
314545586
381035011
121540071
718499438
667969228
922478619
393673897
707615439
450716509
899717377
580152867
599049301
272533004
833339514
245948012
430503960
128657598
177222476
704020965
21649712
682871346
348416174
82751621
328629332
160194229
987123721
496835330
163120736
224772889
957344942
22594279
195330990
608572503
209449294
244211990
346948373
729054149
58914939
413313398
281309142
693128118
996769761
631431929
303843359
10369030
949175429
605633642
40653142
192241912
531391257
170802791
234798543
594546580
217306874
689627927
703555955
989060438
555757301
493482902
63478230
807977054
775280444
24561387
250826287
211270906
790471750
906437218
260628101
48669803
877023268
65809215
553921303
248410272
983892331
54714822
562121091
400545128
489827911
89109950
692538558
11118279
51357566
467353115
244414926
170277122
532526097
147762432
761034954
719837826
144230599
205141035
776794410
390543910
165565673
992454473
886636380
62055634
723797601
952260844
405963818
268161732
675820980
487467374
616643253
396417331
682918801
968241377
660786224
903087093
557201856
321218787
973382927
726370341
424070161
954447353
992390586
461934386
872842755
814484208
2185084
952602867
795968070
378438411
767975594
742913295
603716845
628662520
914505648
381843102
852287216
556759701
398942994
384937693
229890209
595413171
670322490
557818357
120997430
214330511
362517934
124906148
256295946
790373342
817313544
231327355
74962335
755024938
863225833
43024161
345561270
504818102
587721976
489283835
410531818
319731572
206230026
614204181
293056657
189742221
147663068
188417071
560007541
512945018
949118015
674386050
391041050
127901029
268324651
994178389
809952540
126464445
424940515
893368198
973913842
350826764
540421964
623108376
780702388
999011550
794002633
959225121
287496760
567029906
152117956
36972053
534844892
916552431
141393970
748144307
542679247
90420281
84268694
976409271
794656917
476386899
745549970
265006716
124154353
865379413
94555063
511211186
612125674
459070655
585622911
808886321
13551346
754511120
211892989
821868740
807582009
540516882
85542530
992067642
25756447
519094660
885391844
541422651
885397569
807864901
142442098
514324333
329802686
345300443
15074122
373011726
27186716
345910563
811952779
867551565
243448224
653095228
711862696
295092570
292355280
892878446
698711409
537354461
867498039
783700320
527412927
738518312
580426717
548641763
838459701
77468772
560162884
932226258
207732028
567898915
256771915
726433257
729312442
125277890
52508236
748184373
653498453
11740665
617153073
157713230
830882908
442234281
317097666
114306063
645071477
867917499
285796193
47216916
974933959
947674546
204607100
687409796
151965856
621341424
951847391
528792283
989322918
376895770
194577839
901221638
302327447
561477709
79542575
663201980
885656438
849192717
108747347
681442244
994429944
597453449
687866123
814149111
938462580
146760420
998642004
235768031
507672215
275705594
41000460
632224798
97275053
8976659
785512187
607493033
174694441
213740297
642524074
419130091
394366925
474754706
311786955
56950560
719637927
977456856
222153305
988161222
191725112
462954569
990088631
313415592
147797264
941335134
584934021
904764666
746347746
152592687
746028606
593679636
583968623
867975697
462988662
768914678
25734587
337305471
557709579
510352737
435256799
943732772
438155425
238712940
36775458
266398875
965192290
616874886
243051376
602069668
122195072
4714756
86710376
689083053
60164290
494709219
371076027
2286831
840286297
132761480
570785823
293023219
22586096
379613578
659450327
836572437
213819914
45056007
416468944
939240452
746643102
566107643
471237220
45366248
619030025
431728282
323970509
93364755
214916042
983420395
132512640
797886145
996085216
125725252
778129607
148926265
48263046
331875142
356471867
663140758
511520311
498932583
589607429
154638708
159105574
407058621
602968602
17372754
848121790
380400110
664007874
912071594
22278478
656541730
374014463
390418694
896497610
943784593
700181198
937433681
144731160
824304261
198672528
420760669
380423852
944636343
435406682
366452464
58615942
894284881
764443433
72431108
981755817
996114943
848556413
726769679
135684413
614393747
514134901
590162156
23032303
841409431
752028975
131862534
26234347
412358893
651201409
385341153
658252031
566999125
435367577
199802417
830143117
235488689
179547423
556776113
174899635
349018959
786781367
923610597
641245606
706117112
571221089
714781767
88798787
9281698
95542810
704806615
315944685
483665428
202003514
720152575
84569792
950599392
184916105
620045642
663625229
286191496
468770657
657207073
645976938
599923417
446799318
414698041
878295053
206338756
599918143
53902448
923895980
188365714
417359846
320975349
900103871
489392320
404821430
728474371
884093833
783370859
460909776
397447763
787016650
288040454
73220561
859206604
885230682
790297124
37276665
838189526
837637995
746884941
883784459
823503099
906203144
199577638
81796233
218966720
694271897
3437734
717405907
399871416
600829132
752546795
103251587
866554006
231516213
945731546
96951358
703721734
25666195
917077785
35798209
939237312
418954932
155300107
630136298
161925344
5851821
811539735
683857463
213096387
110240687
482629621
402271673
57330943
461771857
663777877
210798296
479539295
755322895
906256923
976719244
61537337
615285022
36048659
288853437
793502243
198291939
392043167
234998180
238847930
311406492
344320143
843851079
682732902
636982438
592908294
468693580
920527146
250391755
598145948
289784222
610527252
220890013
580404164
676765509
646257702
265866747
878024644
867003158
488883468
257858233
923288197
227323314
94928132
316003762
101359737
229933789
872659920
474043890
883355534
791575442
436562770
189110354
919686203
226314448
110200680
786739384
638874154
156762315
581629630
270106085
172096315
633380089
200812914
694806740
526486674
208361348
864149673
243305076
618184075
163496285
886574497
131018383
365142758
57998685
705043498
130964439
817555594
314436204
199527937
849169206
692668884
607949478
266504443
935589141
647413372
911080565
532780596
441260103
807062894
181633051
532482465
223968594
83075935
615591540
861297292
884395840
713844149
313479698
471832077
417375905
560877801
776892082
563127940
778891140
564340431
228314895
675673592
981160831
249783999
248275343
387600503
717562238
699993951
36145109
574277440
222680239
133229270
812393854
103197092
557051740
410001014
373174299
704924131
238761674
274139628
384405007
149042787
401494275
797175728
356167644
123549374
567756730
453392950
948495642
968733260
800587694
246147310
773338123
543115552
201047299
839592961
623464688
462783566
713649845
954401684
959080446
298806785
562784390
465049133
565305694
483211881
441189372
5919565
135307763
724369099
476077033
230501494
274756564
751020429
592136628
625018014
867109478
740992385
67714884
657885602
369395237
404032395
812267177
59551976
349604025
127592248
881232888
80766792
436988472
248801999
731221286
235454982
795883952
300348703
824558129
302683996
117280826
824058614
935550900
538616965
313851203
542747248
598011832
231233442
528973939
323546681
554973437
503962313
778341988
413410309
352588222
157964343
4065423
900465162
662658543
442083462
579025414
685358739
624637818
215699441
106807729
24865221
120333808
885657848
887892786
960528491
356669191
459356500
201228556
962541170
606403080
842574850
191328272
93673459
985466462
547154178
949167903
867395354
721790937
575293864
169361608
336951722
866409508
21649830
171526233
894231010
562148397
118670628
30785174
274598183
266541380
130332058
146163228
129234910
91115283
95261310
414776352
626802525
610725840
477296949
322702956
779286260
936298975
739843319
735832780
302656817
531129182
881702064
706460365
50551419
459708753
253192046
15727403
381584444
697207664
754197400
398168930
917464862
533334898
485677402
338763381
964203564
853368181
533993333
53611369
321987224
824195208
943782273
516853192
915493971
787691254
332605436
939491268
534055310
579531664
789266235
283213961
681435477
105360108
956743695
533946368
839456563
120638451
311400035
831201853
59805181
866107896
13688733
468742727
155836739
382617752
196813500
180086078
639155175
648928903
536482623
225951173
43051494
28824497
46767888
774454606
753487891
991313788
647112446
242581282
554349576
994881877
755766493
467753046
883149217
681011151
450443408
640627769
633542916
230210499
5287346
251162837
267467012
953630048
482260584
130216751
304139339
576594123
924411235
836391794
379782103
144748584
771889489
3609192
512764922
82763084
433387632
489816073
367422897
463587451
563010992
316167982
483455484
629724077
658066241
913691737
893593433
425311583
976940358
121811870
77146337
24776658
133773223
684773202
441330452
455941733
181018418
730389022
896061924
957397575
867549088
636557733
229002286
437354082
96094321
405098096
924491011
745254153
141648363
563867050
303767935
154043639
942877537
110598169
586382027
525301132
216929400
644648396
630495797
696823051
245326016
462867674
844111588
663094189
871407060
590485530
884130642
15653592
855117550
148434287
313125287
260580201
297772531
336011612
271137937
710232421
967256085
614434021
689687340
342696633
568559325
236934324
875219381
149639160
629555203
298492168
102158171
643071069
337441835
285830698
747310998
917861891
91420296
389586648
221060465
776384537
264336273
334703252
273249867
829051815
178736901
520160225
292928668
990165383
455056124
918713285
245691626
954245955
301523584
623831821
481783785
143181757
244716223
252999848
427076286
809573320
431127347
430596320
726185673
389104531
471522642
542817914
691466762
345540156
468276003
170120015
506407498
804152488
591902054
605218095
501193662
634161329
11912476
214743394
144337326
967785574
724583437
458183185
984913597
574764002
476553619
904074324
341564866
831993999
2699844
30790012
393941342
816983714
784396198
859179932
283632012
492664323
265614053
384724083
139948989
153243817
814536640
877338514
193769676
330195079
737392721
205873106
561490618
249013057
274940444
160146973
553258907
290705469
185119899
956486343
799592357
590743415
420288677
481454950
127865303
413034270
241060319
225135203
704323904
450801435
501980208
202603281
421443226
131236228
99586931
146153742
669747267
403078349
699590394
659942240
809449333
995904055
323755934
865796509
48121867
949944954
146769376
631848566
561179441
728694905
362241953
149098840
95470157
904748000
589009782
960675698
564506446
830188887
662289864
455881879
106701451
78998337
262056004
865910359
871195010
378634974
7613688
708083010
481624216
6996686
33843720
814567041
937521374
16046702
171982835
337674693
679512376
887300596
922077662
413384105
157627435
986984134
971624550
68121581
370572300
789322358
995063547
353538294
567113084
702844008
298913951
217181870
906923154
852513607
987461996
870081810
402255684
834572472
130876696
223413113
19207542
202990723
183986018
620566016
823152848
365403915
568971613
469637180
787069660
892702988
944172418
630966447
190768144
744271410
722035659
205085649
227721707
227216668
728841664
359225277
778821323
874792004
577268944
120275446
327127284
272794750
681560800
299871195
360783646
693740316
895043948
558364856
983061498
71656075
714150377
734633761
298514477
326062535
228306865
883538643
591997592
152091098
117530091
50354864
823181741
455334824
167244028
810225540
882173266
445143348
546714922
35796639
87328763
630574178
381855648
579556682
195230004
660816832
501573179
822950514
288072257
841235017
918068956
969090253
751581231
239742850
107420146
47082462
728942528
351785709
361418646
380820266
389014983
740070023
742935522
4458221
816512386
804464139
963950513
209998279
976847168
901023760
895997256
989128900
484235810
47464250
904233817
210840374
291952648
319083897
199165977
454964637
363355520
41206595
452825301
570006939
719073850
883575797
256139550
114687301
894942143
928903370
933526470
888642144
701811911
393227741
221621140
154659635
524619150
972482658
987930449
490474712
645010362
876512483
262436653
169224666
408988748
30179882
989768386
627926227
86365033
506569808
759702362
431130071
936982410
370441666
201087355
256370878
434862416
357359964
242903455
309087012
909036759
977321899
589128715
97196056
820001327
38913550
454055113
288265842
845314805
277645632
931583160
785291292
333112116
674457901
214562487
521847664
469605712
92661332
353795810
900314931
160591995
118258022
804588791
855748374
622235340
373943645
321098123
107655067
393426146
412952977
458957069
993169547
122547908
535623804
258041826
45087255
111830797
50027550
119220377
598921168
348151121
627227274
63285737
908273358
400193337
251759663
437171381
899472538
838249891
507674023
34629386
664731179
861549447
404906184
691206021
186851116
653196682
662952097
189335063
881869342
709688367
303785196
297821856
266211804
794409379
962767442
221681404
189099598
930755320
489992214
323980556
275317675
469421761
848268465
240124753
150597393
201004527
576546842
736703336
846190863
261967075
196924769
4400808
693993515
216238234
415823831
793213268
163239427
284255159
259682452
736094806
651166818
173639657
2514983
521073384
332375509
141307000
358954038
932887059
214526867
599728010
331072826
350256677
285984025
713088223
490177920
514434540
534230249
144645221
828617197
442872029
990952545
282470177
66246785
678970434
743262249
979425392
67832815
193132562
713141198
929985786
4894122
294500595
153694479
786178534
191761158
975426379
225158962
247344686
710102704
457686568
656885102
916650349
234667787
420098389
625756056
180016820
476718768
975929077
761249775
407646141
836799808
580412243
494945249
419869475
129268076
315321775
467539777
182602098
351339642
829754793
818730190
542208782
765739904
544204718
506521759
967289555
502583069
239336147
474420465
505249322
179861640
226473305
424430556
747817333
103836714
550174548
231904164
680076487
12203739
203462650
896577125
271127554
274897868
870208960
845242978
481847735
835423323
319567478
84820704
199473699
930538744
735220615
814040700
931397515
194452292
262371266
777448588
644369026
454993738
336203700
791327444
968704967
320341092
566234988
470073105
964539384
822533542
704822459
242507867
583055209
266614731
701394809
134258578
34469224
369243052
985696931
130942925
171354046
329873797
57922030
704622953
327406789
37543558
31341139
534788988
332688355
456947776
188055460
757187664
396058994
167813948
630325010
577463228
23091229
413089616
464402026
328669293
989730916
47369083
144418035
324508289
29928299
817385366
742632244
709077546
513825900
780342072
476340745
766463800
38133156
420591133
283549385
159927161
225430681
181570775
799914058
800823186
522433662
535333627
850919885
520856494
303317612
195623572
423299741
212915016
609081567
530177843
17760616
572017089
899100274
993745038
438181366
810635098
513801112
947081485
167234144
121627235
147302107
18732529
205009532
515011413
835085262
679599640
577478603
631951043
424378563
451874421
787728845
604062390
15498414
612250551
532102400
157035684
4448775
147824259
443644591
555068983
548471353
588004021
750843672
862534428
627964372
807559601
572804200
941198509
299791182
951829528
530376957
716736140
40524552
602805044
567990976
596986599
708853666
125185211
385239606
55879443
22128444
639459848
458689871
375519265
15351796
358524099
190232191
837937615
193789441
283300417
795021886
646984952
35535107
52200807
114309727
72295795
713072903
627944745
197266266
532134558
699466521
879371940
602859174
788104314
85235106
947677619
542823455
203210008
208273295
125685167
2258451
411132981
174844220
673652263
889778823
446005292
714704406
875517375
881649092
473273714
630816165
981848645
30334264
676440551
522614436
171114709
141927030
782676218
131582847
88049268
574233281
330631063
335384685
374690409
147664549
306374243
728206194
673249718
367331427
499302042
787318425
224067385
155556233
833643141
706609961
540133803
932000701
919070505
897401172
711155147
454890958
819913025
907055516
81415218
109620716
733246993
323793294
539339498
591557143
248618183
780892402
991565472
898566884
684443705
98008202
481180125
513588234
297534033
492117145
671612354
239903028
42304966
524620484
2961107
924679030
724629464
834037516
25332459
830476939
620251190
623774233
731378520
214518370
354786372
725409971
920215278
51761903
73541758
63781154
813506745
965734644
467383896
644008467
815617423
877286032
167960721
522080026
414558271
220146225
875656937
521134468
895647778
266591536
142822840
151559505
518937277
816691579
277758369
475147722
569621528
670034685
127253599
764561982
33863926
627605416
49832334
384384032
643090640
860843156
838659747
322045257
161415141
720869311
758888193
355076924
823336793
797136833
863194200
984165751
573915678
219503161
218466049
660030784
104852705
876485751
491868051
376272821
904355589
720603501
509522277
207147234
192077202
197808117
639585471
821579612
425017388
269705949
681326335
758213763
928359716
464493509
175079267
144317837
585391050
169628953
175850583
940937475
721419255
81040770
863095747
45923
332221135
21611357
571590523
737515
819627085
435067327
931424594
174456219
93179610
117341058
399583321
404653714
571745789
766731290
550445914
630187795
988413527
223973984
703502219
110727116
445285438
770851588
659870243
959454035
672468825
923646536
428583140
536220742
803360809
354390416
90505065
375571536
55350637
969831459
451369309
247388904
135364545
547863666
708466633
409787210
544031522
109240876
7227740
123326840
718582173
366913917
595033788
154648104
641536169
226266486
519586413
230224310
660193682
817090742
373443683
111636945
204618264
688054955
314383752
39892618
766522302
350766482
192905426
129459137
74583260
294487660
895804068
34597019
299097455
762375370
664974295
604252796
768283959
909609469
330602882
67389001
660242738
317857390
520980781
561878575
114672596
20565034
50782600
38994245
391303558
965291300
656925467
22686931
860489687
875041918
634663768
698277678
374938537
907313505
247453641
637249395
675950729
496031046
43204460
123686134
674312459
310143774
27778373
282168921
237136569
509009729
25693620
546376613
685738136
483779091
735147540
792321476
322011293
121071155
520415401
389240708
552237055
583375507
969980852
999624068
148232327
940233089
327168938
870139680
738396766
103530455
854311933
31523627
380054902
646271682
646577256
950623428
410179481
100879738
475520604
413527369
912589454
292979092
376490062
480963630
862034942
976163587
440758083
780850446
883094226
255005936
192565514
172093249
499658754
394651233
49841764
508724963
468119012
75089762
491985206
935639479
975310518
11495727
962673735
370397769
250520728
458709476
765283219
848743571
945063092
690558005
93078958
155339855
133025459
637119523
306291321
775330675
639732112
754855601
913316237
233439122
105301329
155074745
109132012
430660373
818384510
386205103
754689390
241964164
53541817
667554286
952649634
957536940
371408853
315412738
580354659
312209854
118689616
999811169
669841566
306225062
138603425
441037755
978355586
387729365
895439734
546754855
772828001
265067495
899862454
272211280
710102640
215053623
857084073
521639425
834427199
924217659
439735324
308054101
918086339
949017561
151605819
565415172
668630155
189781233
982721457
757319904
19233486
696930184
721508880
610703939
554473687
770237429
17383018
157374891
564893139
812589999
630217274
379205190
478263301
726290849
869615620
113808806
10351784
272530949
680496735
207450877
786084852
927989919
345379555
406852329
761215845
357742301
896218321
725948010
293131638
961030427
121236165
294834142
435537527
427444503
331840805
295790832
942874067
114175130
201937775
523170131
522579106
965412741
30976497
221260199
626361375
206766583
224767530
175276790
129577206
459478778
870307140
998423317
27069424
693031025
271682279
492555652
18417773
710163309
739815838
116141952
491209066
661227847
374578880
590190267
235266299
941664913
241604130
63932219
839925558
767016022
66828706
134785820
366068285
61686261
13822396
855143077
1388919
454531805
420522492
332932006
927161941
179104466
782718259
418720774
954668478
928668417
522364690
56423186
270996364
523823981
498766287
416492135
82730082
781402170
17877101
367336073
780263801
516996239
746976289
938406886
626826221
95219090
440999605
497383812
312572919
897821698
942794558
979669357
561502214
180148140
81070956
280780132
581966151
401224346
382892926
622273793
456114105
180198293
134772070
128202401
911290368
460537823
612899439
940766934
814978207
147205679
898283463
17765005
797940599
767162632
414374239
295712149
644924251
121848315
34436432
111150007
710584048
411003856
748806254
916672158
31412194
980584328
817658838
323183924
824404217
657524308
292284266
718896229
311189130
46809920
591926884
145741948
534638982
128923875
616263275
588497851
84688048
863111987
612478863
973022688
620298589
462341417
594811146
754502509
829186370
882085344
637363037
717125909
452325564
692034050
433459621
799261072
454952526
33868045
243634816
184692470
858468501
691071312
777016905
778264872
129475242
409969707
853896430
427792953
17144878
869575935
505715335
243046653
564797561
116569809
777430085
398352870
381457352
174754655
124928794
50876757
929875724
535819037
33752736
760201029
14371020
713320606
243601049
656314615
60042311
540739927
83229987
80397146
206292519
15133697
499543194
932641536
270122451
57047162
413451935
497713830
202955996
213031263
482675628
999710470
396418179
931219162
758864944
792030482
624140730
251268086
439590883
762741418
186581112
492831863
752197626
973020431
163034274
101672210
524327333
420922180
582195018
833628939
459394572
993602235
715962668
855868906
500310008
394410682
549692086
189396023
88640113
411191407
220731352
252767101
94170562
323590622
873470165
86452644
802582215
366706669
298512719
970215285
115770787
738001205
379441389
141610162
455256924
215762044
50433369
701427244
834460117
63080501
686721490
105196651
358322619
20093342
191313398
787614532
528652299
476795034
38821852
249404682
66538221
755130213
407070688
654600803
759326489
534931964
596393623
957431823
392163448
681996234
197112497
783280818
154579522
584263591
9364942
596464449
85321296
464078901
35073490
855354081
398214295
576744216
792305595
964756647
476355908
984345145
557870789
963452189
529617389
712110217
593366184
762070214
501663807
151800489
865426803
561542560
957070495
582632186
885511793
640789007
711041113
307124084
49410050
174463388
544047655
905830258
913044185
305569312
394003424
570718987
835431034
134271517
811646291
706154799
139585196
796352493
931905065
302838585
451355065
90450435
306015020
606455252
168730164
112028252
628455064
674470357
101942639
995541337
402015706
830436743
882507780
507835119
563819847
24267404
415033188
850263224
943174783
529505112
78367160
778791537
145341336
738371684
186152952
727892493
353648986
104601443
237849865
41395152
553049977
301083873
77705414
332294785
290389237
434263859
312523924
315274727
656665537
660166065
532674764
90030920
809126837
735778048
804148061
611613726
729963578
191468634
252096464
484140277
327354051
874664250
501062790
329096539
443053370
15011021
969264579
948449061
264691965
900134700
565924547
739559663
41327577
105353859
626989693
454946815
711969700
843153514
257153665
652056387
340488446
432081153
988027579
563702310
120847781
126165261
411219232
130736652
148226670
782510219
154563335
404175677
784458332
369299339
654677825
269375592
215880798
11331222
3521515
836676076
647411281
309121014
42975507
410208982
158461451
145804028
422715022
417394385
621691201
679028370
986726511
330194838
86214500
333849208
763915846
437934363
153150198
82856803
915195161
371993301
5456111
984874323
48212309
157389535
151855407
980458697
212363667
604028270
377230682
298634235
427084031
826796838
513410479
357928627
123456182
864435731
990295199
515364873
722178482
464482754
868591795
128565659
388182818
664712851
411781414
709738887
920509187
480685499
274885033
447848204
752538849
212369353
116019611
872270259
465772680
519516931
701083164
35658263
960827528
823937033
44086432
109751610
552046999
418099540
999519652
822438066
552034419
352778942
19488844
32449181
781151971
356538907
582590077
474883388
93178189
146278602
959008770
836675891
24570666
371925542
723539953
422009663
77957614
336517050
859298485
611169066
340176883
291766658
467304519
737135636
717471925
965035716
552778312
294538991
907237557
594538764
826763917
834113141
371595590
246062376
558655291
898094954
827986091
445825326
7442477
757550788
213278751
425719789
968182467
342792787
662032020
274312768
70882354
652598571
482451343
423012207
363928232
733437598
348608405
283790943
387577417
675309225
352439406
643672551
101302536
801953162
68390669
78825655
401456320
687769380
892655771
975247443
145566821
335286577
727399845
330886047
90416659
203622408
549538551
243365306
755423289
701962504
875633070
727827242
39684887
363075895
757743309
747137852
124337074
442097772
615231086
240076447
871558393
625390780
422989533
953881884
873489824
527764784
404847574
844773148
67184536
255991275
240790307
387192512
79513386
854189760
73371048
293910444
148455594
442706700
898343704
508997040
681326781
593744490
130166859
929614443
331538957
732224347
812131257
405253594
347072992
116671983
548458147
305764698
725195056
734551382
764518212
626350616
742242947
277969020
847643077
318152755
966715327
600426343
149953981
447131181
995942119
73412491
616185841
508297179
84147575
995483647
389623788
502441463
754106311
259721094
569800753
108006260
390043627
970481751
561660238
749334373
857243606
414530526
825828603
848071735
426706914
34153384
666021521
228777590
325455746
579878764
392231708
413916595
983843009
553091767
441484940
613770233
342502512
383506058
712864017
326057483
140786116
71671744
198842248
959642856
872678824
57289108
660743819
643828488
789548258
39816053
799490826
610873177
287381021
766065616
188554122
318598874
205485748
781177746
637566235
799478036
601672060
61306378
689936294
458346221
39691007
5243722
172422966
231923655
783312367
76594483
858590932
912526940
464739036
215727895
101760250
388092818
164990538
925520855
734739839
748997129
156586781
109950729
451374666
517663156
613002218
480434462
609269350
508526130
776167638
961600000
123920747
148870146
834863670
555264575
328742384
388926129
112565640
537901552
315034484
926131741
574968986
919473705
724429655
911980265
296601865
691698612
891622143
172740125
247247775
850385967
453956607
798654674
870565339
860388861
4256010
208134960
976473108
741909757
863925015
722402083
358078289
128988053
206498729
459714902
587550234
784398109
997699831
198811336
86654561
801200541
650311852
106004745
984307709
211908557
99035970
724388614
264167300
979757525
442408742
812067512
48236361
27274221
949934714
984518728
608407028
414272106
160835936
73858402
412676206
440812407
304256756
995789818
738417350
652914932
865612131
667602194
196966913
14924198
345840196
290113073
451515576
102352633
800591837
297137370
52045818
400709109
402551592
403618033
613922874
165483311
187307784
748177110
894057903
865338223
144022348
467187119
594039602
930167715
410218099
629294572
900728551
44182462
172332692
242774966
871194605
148757552
213563450
583172109
160535758
613514577
221118773
272814427
656285238
521427054
804718800
963225810
377748741
451569683
20373639
645238575
520668569
866522948
674702032
625243564
606176033
617166097
679344659
306824538
922832842
19384282
270839017
372401765
302773804
900526383
742424383
579137495
250414430
420101892
765221987
523763933
13461713
427752668
396128485
674535271
734338023
380778715
537094485
753321994
714363416
96046937
70728058
735934939
895844173
994079654
206747315
2946317
203196022
196423065
698046583
460225159
565959650
958222487
93559112
609676374
728638887
933642544
921306831
537033765
685574237
121408850
402352517
501707028
165605148
719768261
495707624
459764068
763489937
904108870
341064601
777311690
275243022
382660477
383538323
239123545
608810401
97885289
884977813
101222249
371813647
597752429
79471302
711444857
801745462
234566945
690256505
234323167
949270554
847665929
648343254
59369120
917414953
923639445
176892587
726086422
404074276
716730297
469315427
679326816
432941711
718802555
79438630
191795591
681433519
119728731
373646636
47941115
633356087
996562510
188786709
524994395
898764453
627455736
30189487
111408514
364611165
719618751
647435579
50449802
847148368
488149679
807783835
130495916
604186237
165646630
245315042
215703917
926597672
438432910
724983461
619660252
759507547
56488588
467749377
216738136
54740806
832180231
438131465
280618477
779801529
675273644
317276550
244759649
847579772
166601053
411544551
633504215
815957243
68324265
839643675
346157860
954116629
252996342
857601437
615852976
836883328
808779826
978964585
810945975
159681643
781470512
405125649
4377956
272961542
378069548
861765754
834551375
257953449
839138029
451872150
3268451
817777131
267434609
966152191
626594512
104464163
147919558
72377307
453428052
17454363
938386581
852795063
65964119
91223870
603789042
467119062
452611464
301533903
869621099
288730230
468232806
508951710
797877732
602458949
402657566
592908780
415959088
760931503
495536020
314423954
32609695
384485759
480351436
844224028
88181616
507334412
64689719
295521802
617466481
274156079
825862509
149243831
722479482
676019741
665658737
549998007
721354819
863263728
782329427
284389455
611618422
61028896
761096598
347294559
9110571
316803296
654306472
704529546
909950837
857000382
336999924
753586701
352687189
825019771
616024572
97301155
101586118
829105166
603398796
868896747
302422398
138751106
772914547
616305163
124077544
793824859
591512110
213999819
991833642
339090909
698737984
650026714
58788207
530187944
689138440
704904834
590226508
911727535
486005689
23656369
683484893
803830913
906830350
102462017
791622471
561471391
806720749
799303109
389214716
446738451
202323802
826249
607391361
106870358
434883563
19210299
486119234
353407025
588525366
312503273
981775271
177261865
246146914
471216967
629839542
264591936
898883122
661292251
737021210
107221838
455050061
207531467
271473803
265648496
913025116
814251568
352956940
762475993
413436445
589946336
832714674
137980185
323445566
978337654
377467356
741937390
785596157
745871486
532780839
791363837
914781806
700847444
482503387
589895007
384846943
962699468
3986280
69301579
205586208
550681433
859794682
640704554
271869989
840237418
440077850
355324429
674675815
389133802
616520249
633195730
225594332
663169484
34768982
559400689
437290890
787753130
57656615
37549766
931702605
955266167
940996975
166516434
269555532
52508943
525507346
415965670
230196367
820428864
221803361
688508666
592416926
51385197
519148625
5930443
597072635
34280223
93058485
998809819
391573238
660242627
595827362
131975797
690089037
776166825
494029644
717481182
547263039
504842725
717543372
646653717
744045841
510451783
881305032
621034361
313634999
484080412
79035686
456949344
368901036
334453746
286574260
200596387
59496179
932514737
782219725
319099745
776550335
248933691
64956530
698561025
585831784
248610588
532418648
744998132
178723685
326917590
996532468
822750237
712727871
813397592
468750596
712162641
456462344
62994140
289857221
299217579
985094660
159466773
746218727
697087924
69499243
196715434
179572272
94299114
492782921
700602462
335864936
743663489
603256213
660800059
226367024
308133382
85052231
830352110
591157763
644761379
79439373
427251406
72810603
163590349
439850901
776178776
616168539
475886856
113505174
58107745
710228607
105064270
313245970
95275160
523909701
547860232
2220213
572087642
96958294
856879858
223754680
552703276
128650446
275996650
610930110
508063715
226141929
288084048
835212763
877713928
173405399
261597647
66879260
293102767
141976482
349154132
877782892
812677488
849191962
947749527
507545241
689127219
905541821
394423735
976313228
739219100
450069187
240529226
684966663
381966736
574682755
405343829
573564960
692990750
75113974
447890946
701329578
529552135
461780823
105162008
76387594
180611798
123330087
561969966
258312444
851727780
363470166
897184770
99560848
724470154
413952763
296667491
453360422
709486933
188097916
58996062
690268073
789647032
363371420
565393098
418836777
686483312
402476656
920321855
553397691
758444756
109810718
635487086
569783043
828246179
515933321
363115836
137054158
704157238
198222407
609145916
940415411
398938953
992292398
418909044
419694425
527182706
718587477
756260398
652795456
581017424
186293248
70365691
763218675
250973071
562092651
394616458
693649847
634576245
159517638
192934559
43250037
123701157
772028107
950587029
499300537
377388709
286128041
393199002
763407386
849304234
254340088
508477274
849901843
655313540
728839412
825240920
153273629
255522357
293420240
928970933
89861050
33318380
423118071
586063203
943906382
862451168
248787133
378867038
469296175
777597631
898537842
530603901
797922134
777861695
949574317
290780345
684266219
591866536
823739011
775618552
717490892
811179498
410868001
843902749
395613629
793906247
109061071
600240595
958270306
639325414
939932626
865009588
91763080
471872460
738571009
771559213
212420455
320572977
613873288
175108747
878550079
82350662
373366901
998000982
240408592
131110043
328014225
213502858
93216500
922764165
170219484
698349157
938413805
120935560
944996059
892048249
645619698
733914513
632826610
130037590
291215805
931642553
180244399
664496275
175604952
542238770
238691424
836155075
520397583
859738756
464704930
875053647
577277945
671227081
546055518
370584438
433575360
345140064
864116733
945662850
157583654
671157353
154212636
476630428
580663980
697660332
333221051
589838188
229148919
807973312
803714291
889886963
703761130
262811305
79587797
146614825
122359707
782593358
884087109
995492938
457559834
576268290
126033472
612554738
849738885
691178414
79254046
19404116
298223738
606647286
422380811
952382663
834438526
88431992
54485559
30000559
518739318
585240267
48285379
245570325
189849546
56121545
573031924
52621919
61576624
186338288
593897254
386223400
461515957
180915468
370336424
994522331
258794390
598953819
269567550
314984111
551805620
475538360
110501244
151378455
891312803
697885210
302380341
232062849
874049118
908440089
279240288
308797208
959840841
399873457
542992291
33958741
590660803
756271954
451421180
18233446
240912344
950997254
346487185
802954630
247124024
715743412
802175903
587530804
943386173
595292098
499396786
415809533
399461939
69418982
6314842
996651487
104922105
576315843
771459388
927348576
843364714
121711142
981504444
177410386
942567520
218081236
484666669
977164130
994587936
87917786
211773111
428023369
719031758
171100438
80226022
975101554
49115287
38925587
447296870
204741082
751823234
141582215
202562512
947702147
433916171
533045348
509971773
658420020
822888336
623466069
446911036
602726828
282607218
821807736
812671070
620165781
77361851
751809153
894430654
172189913
720062893
53936364
355024523
155436571
597536775
136992608
965105158
394716237
699033306
889817284
145972221
308761370
501766236
557386948
986937777
665929514
20114110
950184177
892667078
569726111
796586210
661044246
703954492
281000325
462810230
626260413
108724071
774144158
174515161
950627236
29617839
716685341
381627172
497105447
771105958
329961509
421485659
797156085
804284959
800839287
542120209
460724127
1226642
635302433
677074868
342786570
291498812
815612386
568205792
267459122
540045127
938259182
687612596
525883727
925998761
556116899
827588066
36685054
461115959
579652899
641201762
155357107
902843112
284524588
402394121
417645460
949212713
673092468
634461664
841730115
849060548
518114845
194071968
312165484
2384046
612080488
818401727
675729166
770698803
531848652
721252886
295056250
606404536
4582346
982064378
181444789
425924172
401984070
280891910
922201130
119777701
334682389
484661139
665016716
509471328
558419327
291415076
423225790
503029852
346430206
294812917
769820054
978839859
153441314
841098404
975827448
969434831
627540531
271531900
956315880
926842167
415018347
503253984
539230762
889573846
219749655
412322813
966827866
668544826
680675054
692352029
191483456
770609267
560271543
297899774
286345612
745388929
593975960
752272914
556705407
945412790
347899714
905142214
725224713
291413016
684857432
87927300
658667224
956933551
671407692
46275727
826981563
244183782
161753570
705303139
843604011
954023768
397587297
806512184
328220377
839048057
509809657
604797644
393294791
521741890
5994735
399720954
872747167
463157482
864120492
911563170
771783510
32577409
906422429
722930787
695356677
395308542
612097613
549481069
337011141
419299405
454610073
869547168
766010587
627516158
576755322
572970507
202147541
548939912
954478553
57463316
473887955
144472048
857900870
652530567
705886673
28305848
518153613
858788961
519760778
849225480
53895342
727657111
507638605
812034542
856820172
882985674
612889456
961472721
504348998
28468616
985342977
564847380
189580302
96896896
789945672
117649184
5884905
198190636
44541534
539794941
302305800
231158173
183272061
127705866
959405868
861463243
351234782
484068632
15176001
247964926
867936087
164667861
795395297
682480530
163819591
184546073
570021472
191620257
760286982
600228385
928236453
931348557
380905763
711347388
226674449
185049148
601035227
717812030
849749569
326387799
111236923
508251872
789841601
595659801
256929231
429638936
436911064
800477867
734233660
409006019
869768260
910711681
599198853
763068536
556956089
472162363
80849605
649085198
986975765
569556826
823035273
130732410
542762984
988105728
159421135
78122652
850828690
881079519
928718369
354895278
344813984
135387443
335723090
352860250
210026052
407638625
887919304
102721096
985830821
243311047
120635508
952507016
713287748
389418272
915314118
569234626
413399537
988251595
969811123
333679189
994431082
705750748
30601819
827587803
439919085
632825955
607550598
629006085
911633793
520832502
195380591
896597937
230894969
514288701
268579332
670494268
775319926
194883658
969610625
638339854
960177653
158547478
591707179
115278189
767554410
552054952
939620991
49023811
636851251
44600493
365024376
290281959
627774833
792643331
893866566
446139366
516050958
85494792
7549971
274835746
640928600
657740346
347475502
638635925
636236280
349228356
925965065
246098348
291831147
669522790
824422463
205459084
419751686
243823558
695361350
705720084
175761475
921742937
143149230
76073801
108278104
300261786
827439783
877091446
825346681
583622701
259772720
105672460
199736807
64050466
729514272
320873335
211153208
571139858
46029603
654520863
342136064
692773264
90156239
332066901
544232459
440304658
873682099
451520199
473971226
570739236
992558477
131753344
873850200
416812322
390166608
99500992
423959821
773841319
489284063
172644958
206499145
88654215
766320839
380262981
191894476
693081581
500570973
730850566
972885299
532146404
86736602
718482855
904944
599989575
691355919
86827334
893988357
374898604
973048325
740976328
945562833
107817832
797166162
514927560
481411084
331250755
343836688
402225942
437326867
781684143
942162175
207064787
538577787
382944124
5936786
204171304
709242599
828802180
454166032
745252479
765661732
933384052
223208692
648912949
519125093
366794930
234202176
699354988
168975035
359476345
862373811
391014152
116316509
449241483
427787465
665862314
622572077
95143728
290635023
452437470
232027060
281607877
993850426
900804305
848199707
580101152
232819138
571483797
503841833
561176442
854925366
308576884
659583382
618425634
277216909
388390281
397292489
689474071
744368438
301068362
146114196
746676510
645005807
979423550
563944323
103509863
392541702
687115556
492472979
404243469
22429970
123631191
866080758
63901025
931650256
783355923
161614115
102156692
591153292
797458563
966606636
704013679
408025077
461541380
833681431
669086600
714907277
214730960
800881729
741844759
562799687
615905227
691759708
452230214
784787190
628038246
599570321
588339150
829529454
501650141
81473303
246571140
520277165
693888982
760631205
32304948
599030349
109829732
730908346
82994053
768362660
719532750
108575130
534598343
959026712
878682004
297071435
481506184
78160433
576107964
551669690
578814147
942699720
1444849
685034086
352090909
549206119
981860114
324741737
919886930
77225689
919451813
230409119
935658758
771536504
511992775
624748064
362888470
436783165
140471239
661568478
141948013
449225261
558723211
288270761
797466528
145303494
808676439
482153862
510487266
933310963
47724835
85912446
679567382
410057894
399937131
392190910
578009321
289458329
108423993
423031197
804202031
391203490
640425969
940206063
101898403
495610185
171295476
549736897
448329220
174189431
389952466
558605498
108566773
313316163
565469221
999690174
197697112
196556137
247032909
167672254
653981813
548141014
826468733
374085482
352721222
774933149
621736689
830826283
99757140
982272296
511471524
567104741
508571043
716245861
319990441
69319172
353015693
39868060
802039901
365345678
210738691
246217894
862230268
201046288
555796416
725855042
512203768
343959494
327615580
686658063
827675653
497903973
328006470
461744628
141098686
215533180
962389798
280135025
435950980
509472434
513916989
234535644
319690972
616036364
774432517
776345638
851007244
143941868
719970474
832680523
885391809
965260973
198821904
160174658
116344803
209921831
493322236
713781014
380261093
688058905
48559435
952179768
382852168
766947452
785752890
331414767
594790474
191665752
378830453
347348042
231854409
789043504
602872080
276018641
979830816
915701252
940081906
117201441
261774957
793000193
337777955
979011800
152564732
692674062
147255287
909283536
59841638
937111350
638286325
226226014
532445999
359371514
395585998
508236527
890811509
374754172
950055139
703568001
298424489
512371977
99030967
429630641
610666654
533617527
545279907
660688573
17532409
759831586
274618592
755342292
330678056
76197723
892355286
527851791
862119862
459703531
503051611
966135797
790793079
10213686
115944771
303784715
111136387
199044146
87587208
105685182
115199653
78696204
104528822
117052236
771357843
53831697
235507940
287659796
71088134
947621276
787122577
622842740
212435737
517999046
291558409
297841874
300058950
266535681
571959663
160769935
925008180
143479376
513170206
824343981
543442703
732016639
866291277
249149884
823033836
670389389
1140807
761666884
692071742
789574622
531793692
459293336
343907901
596212993
782362565
795812821
733484841
838022516
567552093
708729496
209419583
249494348
51072575
306863741
85328090
26585296
702287955
891782969
668677275
495453428
80410770
571883800
469881910
185698702
419046030
990807769
198820777
399103883
406900038
171243650
981206379
694405410
556354715
793721519
551049505
844095576
85579086
627122096
477778078
242047934
212135620
425970242
590876181
941042920
325874511
434200742
696818198
733118603
736462993
289452359
883844658
42535132
269003689
541576656
31403898
217921235
977836703
716236113
986716131
54810337
119804771
608045543
464747437
866074289
418752983
14260043
767131520
427705844
586426085
815292173
812899072
633273405
668167987
567081029
180186959
632027527
809469644
305582475
494670389
70090658
344532164
579466455
5849951
715159846
90697422
490797375
51112790
366433311
766924861
869760979
715083254
599024466
751441533
297939213
232651
510657513
804589017
894588910
735206502
889488115
288906632
731850773
138683233
433222462
240642165
851228068
483634216
976288920
629706504
257213047
583156496
378771919
267726876
367591060
177622790
203436087
769818380
966123319
41895108
797125365
997858708
146918484
864744446
617806765
355998867
784168050
947047755
969906081
27033857
427356105
696760420
357536531
683460249
745605098
719265407
377002974
627322001
449934986
820309705
504798066
778568569
412168508
263589091
987438649
694008743
393996935
606828351
785500621
359992513
248581827
964900318
650824927
694513297
212608425
689539497
209780150
71551282
522606305
770831062
279041395
228525211
29335327
733894590
128154160
341023734
339937136
849905922
262360125
668250811
965810994
676425983
752296405
140698153
111650938
839535681
966461561
343051752
478092992
756328281
671439943
987974112
24144878
507961230
914014112
545710154
714239513
9679187
658834077
662160192
46901598
651313418
786180434
43097905
496126482
772654875
97285921
329107127
158561750
857035267
730027345
259479842
35344597
31282917
847143225
237260066
157827041
665120697
523215321
193989658
957645994
550105745
369384655
820105942
696460449
812087416
538981121
292979621
99655001
918115353
712910875
955652408
529904309
135713825
689758461
967081283
120245807
252998849
993038927
43253240
471168728
514647226
840668090
779694135
117705495
497909074
577273952
46948562
647055067
547722146
858380028
381659058
792820072
15317243
169136267
4434893
865366039
194776807
604702716
8610690
771252770
128600838
251580319
832635587
921571234
866216233
646286911
904688127
348635309
6764174
667486288
822888270
214327956
629774090
697281990
900749523
437521057
572683530
50911313
523073763
346057484
37600898
971305003
336858376
514652423
247478749
711480420
442223828
289268406
981054051
402536410
51115269
872445758
25218539
633768434
251288133
715695199
216967505
92942999
220797751
157570475
908927830
875705180
335905744
84053003
48210782
177628632
351527441
94023069
230265417
994440429
873945083
376706903
411200370
49075277
322460869
521814630
766493462
321267427
5292476
672699053
372391633
122814214
28648468
409851770
614570399
238930019
28369151
541766661
39947714
363085161
781861559
297030631
479556355
344829635
977265517
899712299
27454603
709423896
785303875
466457312
362507908
386001394
663929598
389477026
902182077
68350732
962459949
315534518
740406432
152697886
274258099
802577987
951762085
587413774
495871158
777116868
676869671
698262726
384929744
563234409
278837635
885667359
582990785
370088028
999943596
313164412
538084183
865014541
163641879
388144722
849128562
901147253
716256295
595897534
981927847
722854767
227905533
354849062
656704124
932064606
635391962
169650636
726388420
44635758
270914156
336262331
572236426
504607102
763630422
237409643
511771700
611261939
646976563
147391302
377396749
719998429
585587171
337217551
728706088
127276963
347152470
631238500
655890341
14441873
762976015
269709805
523025255
53338155
988557022
871360203
892811524
112905462
844281348
606298950
596892691
258876204
798919033
370905475
30570284
584717668
434804772
827390923
191044446
779944769
736048244
175959897
929607691
309933647
604759897
729895644
202441586
74868302
791842775
638636814
971502067
352923728
310057924
97930493
688925731
824807937
936162036
656774968
801764322
711193829
138832207
764668200
19090153
435897442
275225376
463118739
320131986
455951517
446247086
513308543
520223686
794935879
340642171
798023920
475141405
363297190
131261796
344848554
483109816
592197886
522964521
37097192
902965803
922558815
68214126
48756134
114719511
605150352
859930801
533690049
34661086
669503031
868869616
399150462
871611310
31812532
570685213
169711364
249365643
227305679
724465700
8113276
635901366
872334020
722804261
417248262
359850706
50390924
628638378
775718930
99973522
616851097
814525703
81206864
485627743
101852178
955494100
256090886
89856260
546663972
775995593
969365757
414491027
844199790
721924843
206266408
654231575
738322965
384821840
327631252
805939121
492186771
210631245
466526535
579506538
714855755
692934905
788106223
244011664
365118769
765568425
263210814
909474675
87387582
534103692
203525347
167145585
975727510
888267690
133709049
229675058
504596463
806146435
831138796
47537006
496923295
444256052
442398706
297278043
151300047
821436207
513998243
1496963
249839246
770129616
4194814
602163507
72788883
283037135
127246457
278683983
431034991
198371205
661077304
523753488
45130917
43791952
224204512
273712808
927581480
642562650
639761226
372078537
383363912
327684379
126389108
55065907
816353339
516486823
305702698
764359217
290137867
630852035
35886911
668830394
703725557
907178789
858423124
182142581
198806471
810768835
917589496
37440275
610263206
588311468
933726335
243815208
506986093
288501094
678457330
676439353
490460774
476112882
43103075
884013030
206683613
861493667
282935811
309845462
199683895
813706771
551515457
938017738
594046699
429309811
768560050
870201033
914117356
803277989
528064388
554710329
319143824
849483705
374352203
29364759
167903558
253864766
247213215
846019273
819451294
898313814
574481685
733699012
870405451
983483441
73237422
315441832
296478911
758705207
170278251
132164812
706738012
158918491
732232602
927331014
399225725
732558050
265639295
436017635
448714872
481129338
586329214
943415699
519863857
706142764
423582815
68119241
222303345
749304676
256363114
960979863
853031743
246117174
103469738
535420566
975295017
30332530
553279396
590959478
320751703
751774403
594472391
845315349
306740934
729830532
930169594
454852824
695911994
498895631
315442316
31863868
635275533
959563566
674153879
348442609
553197182
378762253
769087210
711618178
327084571
173512995
600975645
701961663
337177162
938884181
469272227
806253276
14274070
389975559
690193848
724984111
376857949
648779343
29173111
625154424
367488448
310786211
786777739
928113772
88598174
446827213
261645007
553810603
296718615
442918579
194139339
344755486
716853371
388498058
658971099
624338433
382502731
110593181
329530841
565775967
61385271
144058042
732298154
112909392
772690863
858060995
598087895
856224354
618081584
397686454
328781949
143007002
260723899
166154062
319750171
312825513
253380618
896323099
770025432
556960611
444610598
947554575
593922138
800091190
816689446
487215768
94982082
827257714
798673666
285838827
281581684
537234493
504469351
952882548
250115772
829058349
580523299
317447494
654263217
835372620
633177083
719914252
347911647
680356515
851545112
738234663
452474477
907711831
375400500
924370783
732892415
441444551
422184524
251163194
482503621
23845132
265191529
885741323
389019281
663899293
897434645
414079029
813675473
5471649
686146123
504947831
32446268
290819744
773252136
223076736
291148890
320442914
650787065
981098796
872162246
509838722
28583750
846304220
891323571
632345968
79901383
303919576
851377352
160592089
981508239
754201341
981928606
471521683
912594670
444300354
124377847
322753123
529475264
733030500
990266657
278069434
90289699
787836249
286567019
173797599
263361747
455442382
625953401
570845648
203906522
435805181
74439618
54472889
718657077
336092751
787498294
807826506
497846823
220155160
296933351
512119862
81337201
392326882
802648203
10001677
994899861
671985085
408829173
367035976
532701572
955500220
891868268
916431809
982453516
675569383
370058139
368356013
928171523
353540556
952455192
568654063
17470024
803274933
543589077
564438835
67328290
431301644
11422613
194868426
482727374
448673999
770710780
487349796
242295432
209061666
189071388
39307132
684286186
438109000
170337352
270773247
830805876
715454222
468289451
172949400
548033767
43606026
981325543
833991412
656525760
695733246
655119545
821910498
457652773
901854979
544963127
287646380
20917880
230283970
848984901
65240041
852337077
698417407
892311661
366594227
35521789
93965449
544162855
880974753
313588133
140630613
563530696
893313412
412906602
654539447
169713631
91983310
386229099
217641237
924529102
661129023
336021218
345377155
404796985
669585458
114526857
935333049
270309639
744924168
847148408
259955432
94929233
610615700
378237183
968021288
926478100
901013665
134138498
903785552
125359134
920318486
863366491
785232229
723540914
358969051
89578498
607662874
804692994
722858131
141708173
736774365
851847649
894293132
521506856
477010446
872849244
49381824
633232985
883463634
863956004
990321230
32913865
708320254
24778131
308668133
655154785
119578583
936149637
939787372
95779944
772963530
580095602
717613485
872300773
198340753
747446543
531156380
351834276
869093459
211656944
16917903
939210241
741257704
876327699
487150284
851232018
355423623
604200619
10975186
354112010
16661581
743849151
325108456
411505689
705878476
987276596
128493335
759854074
236562857
613080551
640756195
456704122
124703114
616463584
34468243
29375991
927055567
551937773
318769940
199110687
308271289
287672048
964813879
866073762
23938820
517048544
506014485
369936267
585516583
422336365
582683023
805602136
237686430
457427866
59083356
959946679
934469960
106695434
130887652
80039599
466239887
472765815
270258745
236184028
764902546
576311021
263648674
79361042
460620476
982894259
918187646
592340666
516933276
633718882
1860438
943533231
211340093
94730826
4903417
241745112
499837144
76096585
760244845
900323914
39481918
571068847
262479922
32922762
564809879
664930301
220271300
204910888
685113844
785968223
583666606
569598855
893310758
99359813
560557957
843174104
481639977
523001716
206786953
71024875
574003861
396026913
930101250
615571475
655331217
428142670
744897000
805380000
545415106
481355107
642526244
357604324
722341867
93094949
844113291
482866294
802205207
949616419
474588067
714468276
578336572
845352430
787368610
89546118
928026864
210847733
533592468
337207549
931139794
491625221
385681631
694646352
205806908
251441227
208424039
22073518
92150706
465229150
458366635
564084207
273454123
526035568
314907324
655788353
153794689
949747321
393924735
397326473
486775290
718384825
723047581
908022296
526872222
227099446
893012128
641269559
795431127
30512112
775890905
875395662
203340963
847370598
266837894
270046863
180414669
763802610
618674710
14978843
331543332
711991968
340388527
796169215
267137044
5920537
364256633
372700404
436918348
105453940
637823
863435932
406980831
364697758
647900057
965764610
701751493
758724655
106404126
399876812
786810093
960156111
160386464
459742400
581099258
699565381
361188522
820127521
109946029
865724573
447847271
2166750
749994663
410010247
264364437
137371770
559112996
122387581
328550429
496704463
910381929
401813835
196139507
759453616
428816537
541031301
442496836
188151795
416632220
757963040
352464562
517549208
531114468
856780349
663285237
514124274
720963549
23921145
193706429
38216193
146789560
50821930
974175129
93147698
522845899
99002065
52648360
119520132
795079223
324252635
639407738
905528060
768693356
274946630
553407768
53097248
61128007
512968774
6076783
939268185
376617864
809826545
169866465
175455140
832412281
733193348
422848984
170188361
923226125
586111982
511371514
983619126
720740673
790978526
880526680
139743001
327033979
932942934
209831013
995112735
874090446
304808331
867330469
883690583
985157511
688286679
170404963
208989605
241902502
981849813
12930930
808878892
739314932
299645006
630960184
721840366
751360563
954574763
103399321
222949078
831022104
164194252
601047788
23774753
397737718
586499028
668776755
379844918
948632249
820688480
233614346
903468863
6843295
440353433
268129170
578621747
907012543
600735476
659039415
567872406
690536236
66850797
828124657
183088582
385157709
75234782
950469144
849026140
800562397
308187164
608501883
703346147
801462578
449325088
138078674
381017828
886563843
697893889
640238366
791653220
175400158
5252040
968375944
622259712
4820255
974786293
485424840
586448450
663395099
902245211
482565820
544142943
88075227
873094889
646836408
904613828
305485583
315249629
891818111
649452943
231904411
708097339
26384147
485965563
482310032
563614874
34793541
504813153
423165657
335159484
245937427
282588576
882397605
614246958
430343539
819617221
874845449
722231064
874040717
285783223
864629241
772852244
921108361
705111404
432360827
267471147
63469983
347891839
434128347
476472896
730041170
577313949
278582162
526434689
477814290
379680372
78554114
185175627
944854613
731665144
284919978
510558111
998610206
267717292
822193987
773957709
874222415
352005550
109529405
376645904
488858283
896529129
669955499
356334827
395574784
557536746
75983745
561708101
569966255
617398552
386906048
900749398
869668894
258722667
142243904
22256237
560648948
999540471
384308345
74750881
309000618
537693157
101053159
200876190
793993405
97037953
281001194
67864248
33159865
228066297
212839890
77117723
128493781
804844374
752339886
783286155
952068621
773589709
249423777
561324249
195680391
59330036
315144235
698070026
443065126
53965134
311265113
899767696
793490021
24332291
947152913
662791214
963835698
380121054
545324310
178093169
460056990
687500785
445025347
723038067
8941872
17849805
244236750
916799757
616992358
511831455
880673703
612237239
724546035
820610248
358711633
830322480
501210574
657758013
602695370
583080796
388827594
170827127
967638988
422094501
46962005
237330239
235449612
630563808
62103497
923539904
743988302
628819967
62542695
148184190
296856891
911905422
917409674
634357083
282875404
75381939
369712587
569888186
613805432
34235100
765384530
565712654
535599478
573048970
913512222
913930046
897774176
772810064
655790798
53373357
696324546
109417937
521855612
969762781
763562575
41074792
582245352
228731863
722440037
245941811
243231453
361751569
653902585
821476669
537250753
212262478
681210762
111350738
506992629
229773298
808351917
692470924
430364846
113957013
604070058
336511871
792315218
766889445
168268918
235145135
289530448
464283865
446545607
745116151
13473788
63544738
163395024
961682826
612469342
130978867
856973339
488858960
588584103
907904866
516426086
261240438
978564852
795866641
321989520
853424796
915229985
781779686
809693023
440877958
446351773
647259559
279401987
379108542
488656344
162018974
162419151
998553590
873721181
317865998
363129569
424671763
718368205
583286149
671115497
61550054
839628987
747632710
141358160
242428438
97168395
836562916
159163162
661701676
415851902
427891623
864441347
459124056
554943076
104903245
127862507
336014872
496859176
402784792
353497566
782024757
16284158
48219899
725394467
517319679
195819746
593466899
533761248
503393420
37057443
948616168
361846398
147534113
778856748
25299386
330775866
328163658
601778053
741045833
275776604
501749924
329066023
946505820
616908521
968593949
338022107
424241717
408270722
758420261
806596395
465722673
264757131
647947029
138021848
820910509
918607157
125823296
912375645
562215918
323581085
800958571
361993274
327800131
476387626
751996878
788781322
92178729
568267658
168746260
748520945
634441991
444315285
3084216
400488760
138367916
870506985
143719217
488740570
340581849
403204989
444296380
455747600
111183232
953689140
203998132
783040423
541811219
398410032
300284011
260544593
192919143
108644434
66930465
554732831
286866599
910114632
392608202
911726502
166745179
740964106
496404332
502302010
829294148
196041683
908963495
190043815
723942533
647905320
545462510
329482530
735125882
912916791
359575929
546027900
84346200
964666147
534868863
733321736
599918803
969321781
720213713
442202021
331604758
459087455
825487763
8746483
965152841
121102406
585436384
920365117
937974290
705041828
991234714
780746897
363470585
86859324
308454472
807257699
93562308
996387171
882846470
441457247
152847296
429525516
770855909
454055657
2350502
34159773
703852568
463258758
696543824
252533941
514377723
16057120
74856851
362709136
116290159
896684636
127385876
801472298
80676527
185944823
447598020
752574154
624793667
282926068
241847595
694653897
820724888
871619010
881064394
835789057
274302687
815922408
362164904
783110495
178881530
141103300
863165496
919176866
489886416
199642363
982418214
660370352
993836599
330164656
184443993
671948905
1808045
849882336
199588111
717456057
780436903
1381779
284804721
400304849
56249762
491138221
693338460
124600341
785312637
996279233
388723750
523284586
676680442
220411535
95801328
107074556
304170407
618460843
690106711
907204869
479011210
764738630
776030776
251614989
371477385
694905710
709170739
575885596
61820569
318792526
753223570
525110748
658573691
651671329
817556229
962396468
163454797
350836250
454979467
970700175
928224684
371490985
415496165
230681544
871559014
414778850
278868760
232465466
638202768
739747960
852194992
231809087
791920090
986685423
954238391
931109541
122679556
354204229
321612248
975829744
311234771
472472963
108304142
390225686
57940002
932595412
347800101
112464292
395027434
127901322
450754802
8610642
583982188
720480374
182197135
45090326
590970344
717459581
538651189
62090627
554588831
334561987
591082230
616680566
163147045
523492978
245787936
463197272
566427945
866632419
132008461
935834247
468136097
371797836
897182209
135985402
810360895
194056234
455257696
960493928
680558842
706999038
743929638
782171103
876061391
800992743
776682099
392262240
513852153
415044808
610327977
125834104
452503437
868002883
231776629
612605519
917872202
78942016
761647912
26192940
515464118
456135177
367285011
522034918
338375805
565577096
421680613
677960285
644950514
989897359
667149550
739461673
48197748
830543241
326695340
143499597
514403406
136267842
702432901
522409892
719684136
582658009
136674404
582270365
836304627
824123856
376481451
152123314
31565519
56979550
19025462
939610945
754729996
406594290
714338217
862229580
213419394
400540572
767865445
954109908
518296250
941738957
959014269
71212605
403926375
871128385
652948995
211158176
126930220
614709839
111252948
558195253
330112812
309594084
339745282
899726723
701107176
453744834
618666443
956269835
557481384
334309464
605062457
129156954
42313129
292145304
782671888
414206056
946942661
625971418
128121023
309397715
824185309
488478696
563950979
10142002
266824457
796223665
950827432
854974743
510538039
611279682
582454062
620004842
558943927
390591569
394155378
939227181
618166221
819526490
273285976
172664132
629826360
988444225
385251530
89480927
493094420
705431167
316940890
327514515
783358554
185108356
676438769
602597418
536300318
436909829
23237496
938593718
764856063
620140007
161991966
757721433
781915683
943165507
71178014
208335690
99561772
858176138
226080738
626056814
143028044
253610372
203871716
743840277
768231274
909242
720816637
505353228
998489130
509466411
59186390
415334614
262143580
222994567
486231031
826049556
472672672
341525194
311552386
185526360
140886237
382813462
323655929
366746422
557312954
209279983
24275810
580147028
544395610
711115284
529091248
913614734
832543363
639828932
758622357
113401394
112392431
536866846
116305035
97758521
309618269
45220009
960578109
886911630
764364520
773250617
441203277
135701932
35022490
19286076
995160099
859770768
445017306
36951064
242552710
743841538
368833885
219832510
253000554
641410630
384398972
264193730
812171247
541574538
824801858
717732480
409392074
126173296
253877338
518785042
222395562
393386996
138703876
607353383
48271445
366904687
421114499
603846398
360350971
495223144
604897316
640001556
364551057
195872727
347535114
577293308
703963864
546395663
142139402
112792442
793743803
33633545
262695259
886492202
762154441
250456462
615156007
880199918
170364984
772011036
787590374
40496663
884392697
960907940
83237666
926529568
652932152
989854055
658716189
322740868
586331710
133799123
971981707
297010210
506160479
826181235
229301973
746590984
75543014
689107442
768211520
719077127
267735122
374658262
651038758
232245024
938087936
685721773
688475589
992436360
976238049
805280645
679777286
728402537
664189531
547710141
59426724
781903609
59394215
912613999
957103848
875507304
650990993
537388535
124653170
451158714
464359902
145500672
308542461
637226307
746588640
465285973
743416961
150960341
404062094
135849949
486263569
558427886
439807643
518209245
192026064
290424210
629141136
452533259
500501678
862687213
660999178
474393206
405796454
951247571
311648750
454273634
926030609
646585205
609315772
620853127
581961083
84275405
676371694
48598392
627412696
768961170
925218983
110104163
80117600
829360658
349585673
713915943
804475046
381825010
310297401
114674431
67058899
967590728
612978145
889176154
117656131
264357442
714657513
550400889
215916882
666634680
481473171
93803799
479929313
49635582
389420980
371402182
213109845
348150151
157099238
551085364
639963992
215285864
213388152
12794434
562113425
977691742
609530028
694579336
700715415
903415288
302619677
797786988
251159403
133000879
697059470
816539664
612929903
977661005
629611264
362608420
876170740
377623634
531063736
429528225
258689992
906885352
792698595
88846672
827451613
361955428
168469256
548839077
665970190
115023911
942501627
860800073
139564359
453884268
704554134
672809048
273614216
913396755
772954928
515464856
281602099
61266536
346933780
22169946
93981802
209725661
185838636
519694919
228451849
278894997
892447398
787801211
543684673
523073543
360603056
499425681
224339759
265598152
492642421
99011244
972328345
822411524
716234940
622666956
878825993
401737181
185091968
179218734
914282269
690018797
86606876
255216315
256970967
733336870
284060537
405026788
385390488
466968834
231425875
74284726
468036133
320471083
588272571
563387170
102820732
329326856
683077228
232980736
883351004
474468630
708724960
839121051
280914174
825325204
157249041
567346739
335051329
521327574
657544730
262670105
950029832
390617019
420395333
448880562
776124685
902056921
46102170
54575247
518439015
848202632
841595530
52048150
180076845
702987223
365909750
126662551
844575149
792705362
996774677
419928926
353097097
360773870
893412620
506857324
891218365
74104210
882591575
72136498
409491998
184994476
311539695
503105959
790455209
103109217
44755425
99208230
797131665
4688404
42440512
504938995
963018897
505690080
404485451
854659050
594009905
180061667
600952119
797679880
627071518
247002632
617819840
665938324
907363076
416810614
585943972
918764320
458528367
615496997
963784018
730201683
87190287
785106236
508259809
592365939
173738732
236441006
473425705
314129354
588447922
414657826
660100871
407022641
528615908
391169088
849380684
710128272
170344637
660783948
125736462
352634643
797183969
234400837
275067007
449827310
880587193
723145333
31137431
45288339
810824939
138893116
598904455
10897217
989771004
61429638
9733202
987052503
890306323
745502090
236433209
182415912
959495018
275805605
797929168
252698205
920241666
208163429
456975407
825554437
691325532
299795820
220406444
785212843
164806762
654937511
576634331
410711864
164591506
247449006
23554400
659073478
619314553
936756343
717651488
23452564
859677361
362511072
705196453
266617436
102742611
337774461
709267809
872511020
891534752
631998159
648106963
792910134
755194209
848487329
456015861
198576827
936285613
254877367
446140084
223033324
103460437
95043275
133909937
987007465
407363598
490205540
71072107
371180624
355182017
445927290
497345253
415358206
737409011
56546655
310091895
286775052
297842387
931018534
24783040
520616767
526419666
426479338
720860727
263348707
917453698
509114573
97028962
216539120
795565387
383201184
930079291
95111613
89464079
67750069
300150158
839973810
722694678
522470741
700038015
654455037
87633205
753575083
575465811
572190028
820699951
614504584
750344145
977774852
576427999
60207395
87353271
44651667
893775878
524702981
507565983
524451083
236903751
313868641
805194821
665012964
300747255
618116
273111700
27916596
191414500
367168296
977990334
421218752
403102520
905934422
995361544
714651458
240493609
323835958
829797252
227163670
978990216
157016199
467169439
364547196
205996293
752778881
572177640
783616152
602353343
882186273
6617466
916699897
968224957
613501736
740642959
842206409
932892826
820080521
943714434
586184904
736166210
412958604
474237219
643690324
699473797
491900215
658436000
267211761
145635758
974697879
837028764
383366979
549086361
842399536
912925968
370289404
924387081
249219018
166292315
595537447
393544247
271765418
505148969
183747624
125873938
224125959
602379302
679522948
496412156
483715081
389318682
837090047
772957196
349509481
486922074
581051051
504633705
789871536
784928168
757024103
282841865
387013960
865623460
804973182
1023158
975749661
359879725
731136739
243380285
563128126
586585192
618208272
50722219
297768917
910549279
640652559
452684292
646459379
630110958
160080448
903416846
55314554
67485209
829039518
803175994
407647536
497634191
962640248
631521161
283235840
480446457
535104843
544411496
817695206
590239984
639283631
112095132
72412175
155636443
412674306
653228698
918480554
162547059
139712942
354886421
495524527
488338064
930611062
473197128
487624089
247532084
638433909
568434667
949213537
55338594
463735268
748561932
78090206
869042997
851064040
18561976
753040531
76268319
394721601
192805524
698446822
220141094
651446187
491986594
752571081
709626962
179500699
185275041
758175350
344427428
891270419
56597017
272480118
927892567
4926101
143733788
197679504
662753493
289248733
605194432
931449770
693907189
596106014
514931847
78071618
489286194
784864256
322220874
169661755
461757562
297944156
470540772
969428745
743644956
479099947
25434772
395744637
820744856
878296599
234018845
848733685
675099708
594041540
961866080
396695808
462555485
456369773
1205368
491470135
611128010
975771419
748537096
97295384
891720243
492837554
54317196
923180935
750549184
937933551
947944263
238878939
929150557
225651080
947860936
997394957
79124100
846863738
189915124
940117417
705275099
306762916
707924056
832792960
603069043
159169543
221910786
608562835
941008576
158582783
811575039
35085897
971768286
192352562
67907843
175678769
7595251
193445514
788509817
417400388
795200327
914120147
532415577
321677845
836733876
933957248
390417238
498566982
719993778
601708017
949931689
374604163
501742297
202689572
164267033
835016045
982171650
133710977
14527273
830524916
981374730
593876431
160419604
953712024
652750286
546623744
334072818
312566792
835992880
181218846
887761208
399493988
404103178
266119721
533910537
974996614
866204909
648636929
522508624
670860739
68800037
915939646
41073296
425911205
712563145
466807271
986031318
667971682
295269044
832488154
551768264
985771227
483228367
798467838
687540313
963451070
183391114
321966079
143548494
341069646
178725931
934064902
35088820
391463621
928032307
778289600
529912474
722073063
321144969
443872126
77280445
764043450
222911410
628283638
418293636
621448446
566669030
416160514
693429953
161151431
960130550
939041978
925510718
620555408
842641009
108093796
610008960
481506585
334531877
877390033
477046804
901922789
806324588
542437044
1289662
456122703
979197816
982593420
304970529
534367021
605543912
862379330
342699142
233045774
274014427
312309775
623412872
293560155
662743651
587736590
355186117
765648339
323680028
900736892
863133189
836752522
844781553
227408246
929636707
583529549
787629617
477688613
797123027
491875728
689839340
332042853
791561579
298973301
312748721
443026783
991308375
440819941
684187136
975789143
453304194
446524389
37678858
206529620
900721481
877520316
858828439
947649430
713487341
306281975
369190791
870400870
565103895
790519663
536286166
368307492
836521806
480591771
655689366
356213184
810654186
737905276
880668796
305201254
931566699
760178306
247523449
997468600
593345878
259162106
967030366
429522629
703242179
752778243
876067133
774292571
950353690
76846316
20988847
736223783
389562632
795007424
973147853
492559900
183968046
88484778
193585997
800948036
803572705
472054285
710293196
799627377
955757487
84627181
289969586
50048639
341523027
185364022
827336786
326592533
988228448
104946456
559540353
125277786
323067641
12528962
703040435
343718051
603461021
514042604
13118691
274570941
738032451
519550412
607936171
682311949
727399522
319813512
402793423
638575012
576995988
819377011
536299714
407322024
358896816
925136533
948037535
414558544
660290933
696132456
94719278
445296146
588012554
967438571
987771488
906179686
76985755
133138469
867702503
528947152
772707123
888781850
398915479
858130829
394934050
608865634
363906519
525771334
424159505
768388218
813681437
721535702
331594834
79463283
707865319
825905172
711085206
841826832
408867395
503345389
771724569
127040333
22271585
239975490
211180005
234073572
657946187
544562887
310102601
739531385
251397469
446348660
35637036
866617084
823629264
163727548
280791380
380206818
527081526
339990435
582859946
661984905
639095181
84120482
377440013
272955781
637910761
512333049
383012318
641628748
118310359
343652178
40415255
485010345
323615764
676445783
714710224
258251203
51251610
613730715
618964565
542688974
452714209
365352624
554989447
510680463
710016601
834549351
144455235
845205064
662388007
792047480
80142144
399626573
428928599
341911070
466010636
512545529
859893690
103844026
305731807
614454121
423741247
828586410
716037301
981809361
898334365
536408989
957062432
57649698
368797956
348698113
534627071
903489876
501651056
134743106
365395733
669875912
898989487
567482195
253547423
140956496
323663375
796016485
864441876
84642316
261312757
995839469
4253726
719335234
575522504
176733791
983534853
180582510
926721319
697784299
695875490
201801937
323198368
775262543
596457801
728697622
365159860
971315162
268931996
444565747
349642614
700588582
807672618
369072395
128377693
765307787
992359391
350325691
603775003
558170857
669755730
974493395
213999502
830728318
501155160
744978665
619503716
373209906
117163059
624134136
949693789
481490778
396634590
436554522
498258450
668696802
728323910
221369729
624208704
861700441
720694342
712565727
326708817
556277898
23239585
421853437
376281223
826826317
31174062
554811129
704276410
501524243
255100807
706375512
55017918
620692227
491511389
256738284
360789587
408423371
723447835
457621576
977881213
340144957
655875689
588476295
754878460
617167776
255578920
259125813
123051906
782989601
422274349
347061590
853540677
987354132
243048924
578644324
294347753
701236520
222966814
568643557
632202134
155656155
577995431
584623325
684389465
376430924
664105574
128593717
666181974
154412154
708444862
143689093
11240474
964160234
315911472
376245008
505935768
698145715
304978382
458010724
751245016
631524076
662080596
47530896
805111441
222539480
561479961
453492823
248871134
612986786
269289180
471558770
239623842
310825487
554013033
631201894
688531014
255707083
530305333
382983888
705668807
736824699
249146015
991174355
785291612
625307558
706238511
342126051
95557095
191576229
453955460
977427709
483931297
676129319
876691685
776718109
751052232
656214660
238087801
937561613
2316815
590082256
966140657
17801337
781197086
869913082
187076457
649702527
87905713
881875546
920218341
453972645
8801113
773181393
672287281
84810332
929109949
227003423
578473520
614181309
109502589
442752034
491650948
238302866
787021242
373826960
263388223
156239749
875098564
750423955
279398998
650669716
404840824
784010260
629325786
519487494
722096503
64069480
630548560
669964039
778458674
350701684
162766047
38099955
370453420
451945666
776440784
97810202
615424284
457859199
440480886
506848036
997487987
956370234
987625982
530557282
872793720
874707302
386793905
124336344
722754247
967995519
999242632
69162244
189430165
538115750
564885044
116478704
764647629
713553217
43363168
749955539
349561467
93571670
702215888
572728081
43962963
780273371
300776249
252618532
58050562
508388398
494087393
497074406
933122482
285811175
629107714
284948961
521574567
565242302
87199349
96640528
520040519
538707068
726857271
350039735
785933227
54275031
130833002
320347154
155464862
223701958
859747084
70000529
979858091
290558300
495968658
154292212
157115983
586405617
888167533
333424597
965998771
970460998
709902834
537399989
46132083
768440079
393985536
153507979
276002969
526003268
270554939
965176681
169358877
169948203
203657036
633754141
43292248
127759086
672923276
552668369
770472819
616426861
847920229
592248345
127113188
439458081
955091590
660304779
808966531
387308545
699235221
345422221
181672798
998637829
542568228
452023159
248489609
967837910
67591235
450909031
83249963
622841798
969253030
293791207
387650329
770883322
607211384
406677351
797000957
573245445
655745750
770183881
146666065
256974034
913988066
594886230
600705909
553874260
816876686
486523797
625049929
858455925
256077555
760016851
910570589
846224758
73735698
93812577
429696915
218511119
170822562
752937064
286870248
260451710
10091997
862808287
82984758
525218909
512890945
982647218
445883017
142667216
204690851
83411338
539293534
239633022
40078128
766311184
317508468
783652908
878172492
355615956
685878156
111236878
339364978
294109720
354136570
367090312
96972783
368241990
564671762
205075345
190839272
52932329
358691450
674117729
219889952
793792580
473084730
189010423
524315574
487255770
357855191
450695573
24367839
421184593
226744916
401924650
764010706
690680669
655603690
885223359
426164902
407614178
634750009
326562370
126236173
139590225
141773337
696918309
165203614
626162951
82757783
74498427
478558657
733063608
138482031
954172928
961293223
713831660
313718274
850388660
510697794
307185922
889148563
810559106
585212885
546758970
761825387
409430571
514814853
662318243
849052687
552450384
724290521
450695401
680788184
933915603
559956384
487266027
158679493
132159170
773756661
93785186
942703507
131710135
492596277
765149666
128908244
669184811
574327764
905618243
547491070
991400503
567186138
991517565
6915830
216117539
219532570
906769951
74813353
432594368
371426426
312006648
252606024
855652672
392299820
967238147
329393244
653309326
860185328
503676590
788244643
261075479
212503620
210459378
976077100
970378885
620328244
205825336
183012446
74315355
504532980
388506207
16161570
456793766
843303974
847489679
412713542
309849632
555995866
185787467
701702274
496588178
960434425
757979624
58372790
188158268
674616674
547000176
178525957
972330832
698935201
69995345
241926176
230885977
919147601
395222203
508068758
29911905
118780233
600945842
558442826
699734043
148089311
312751449
462010721
688627976
895358510
18974995
98339557
925877540
717447775
981966452
141011474
587467967
386483085
40748897
411714637
145351279
414613956
699400420
602259884
980037431
148581639
54047236
807967782
817981744
337070368
687651586
263639889
128924776
562546840
750664077
946575995
825035576
43511769
311750399
166372511
624338837
784573479
721310699
892625666
641227830
375227846
2426998
996477588
579738046
888602343
199274913
223615266
294810869
589751984
152745122
572526190
738543006
108313439
909949968
206597930
806599096
400172739
261839469
589517294
669775364
604658498
372575279
702240276
289189866
186140978
750196048
580421729
554559313
403199420
445432495
65733492
171389858
922328034
560768000
385890942
661954148
403963108
379745002
379672973
939775613
922492162
327479319
44173045
222042355
367215247
479016494
874051445
957765219
376435244
920613765
995422219
770011408
352028911
797858623
814521023
434424756
857563377
390733678
93593920
503995957
49458333
166924426
727792772
301337543
430907712
609956052
45609184
447816739
987767598
182195971
621235988
73798079
633881592
470759035
787420409
66021167
591936110
654588235
516692904
358055709
841122997
852919768
565893379
445798094
525758369
911120200
491079529
430376655
563593135
114507162
79113526
53707947
802305218
392884030
307895308
609462872
835674054
6594812
738865704
667534460
915634311
68721299
826852375
861022512
257620481
312307469
356911704
418831752
79579268
579992979
470767449
621045032
670110153
117966746
862216165
893187633
733678134
532983079
449593486
666514
735764574
302722715
639638948
965146159
466743206
793501624
262511715
528114761
114613568
676098870
206543195
964688414
534394699
107726010
40755693
361902864
447488595
46044640
855137155
264499240
570508679
720434104
263062498
473292942
13708694
786136377
697652724
567315435
659373847
745812768
665956427
826361548
677095099
92882333
671533607
379730639
479471951
3055001
316399405
869972086
636397397
153508785
741299427
430830368
744640628
405449396
381256754
386211290
137722012
276356493
970074183
145275477
40166368
318101379
288998193
137671650
442406221
308366331
224829570
334492864
290604836
941214252
543122273
376956386
304900209
421566456
22858937
992202886
405263065
813527199
181410624
416058216
301722989
179576090
961721692
172297043
525174779
610028068
581850290
243445557
282327441
602024799
301118053
602676266
481875369
239269870
699124428
142390613
424905959
864696056
702971330
385967204
428143172
288768174
377804514
647606022
24926135
39061588
52760609
552725152
831396494
930294377
259852951
912283061
559537744
671734035
722706071
716329052
480077231
733376347
211210523
64202456
28983748
293351784
420930845
233761181
881067512
480132653
679985140
694942271
203019418
885162650
251225171
298908581
362021349
420176969
997528731
481267020
30329800
589811911
109956567
26347675
250267747
745130205
469205530
440842917
179189338
752804814
200909409
105923129
107041517
110668457
227253330
818457262
354637565
683252820
39755192
325732643
436730019
152144996
881702044
905442159
777973736
982126183
203376638
703505146
296356376
171154403
119150210
785972840
163806111
49754616
863232416
561005560
676981250
409635573
977897524
969040844
319701355
265146922
761208204
167520908
859522373
416619809
3482998
6333401
416093504
306633988
369396898
279491763
12694116
589758549
750655714
860447262
553041771
114145099
37591398
104543307
254048914
486668844
66935288
651215945
656444201
974893467
947663964
342399111
97362178
921067545
58424034
69847136
941169986
815150796
562808836
114733145
539654357
142219622
829275163
865331181
258522427
194642561
392321079
432213971
914293982
71245670
968878745
263162329
919073466
600239706
412823865
884017634
103831927
143405353
708407794
147089367
760885894
743088135
257482293
60814230
368842612
911834533
481811631
772350914
428924118
11886429
282561676
605632216
570996732
507393966
167063982
48665755
987853096
894268607
400885622
372437200
801099736
746815486
801808634
874210174
823496449
959200195
468596458
448589834
255057039
595978288
160631047
838647040
97053091
15773408
496171480
432678294
11142197
690421579
499365331
584427676
950936624
500136643
370711545
352760462
382708760
390870529
504505597
57633159
603455632
136287610
551289339
279336718
785060101
865828542
207783920
724668535
735719423
515326813
639713198
446318944
875681510
484729055
794115342
988522917
705089297
395797778
552025822
756662019
839121287
721052179
847285571
325588533
684071902
131411825
837920335
715749557
668226832
560682170
918039901
187401945
66570828
279343628
700537075
634916399
408556447
550833211
539730558
974089154
527000141
686150446
659048483
216294590
800849172
238736068
444599754
851942880
861602032
41457556
540774
760604865
779323114
163980073
665104260
236989021
655740989
736164765
942437861
664474528
267814359
378420794
427351684
149286175
123467526
580419387
190778379
932430889
66603833
524973207
571652815
162273177
148913024
114471143
206672113
76420048
218257691
162785288
481181145
53124216
317687949
440552844
63333994
454241733
322546845
423936303
666458420
951742253
705685247
900573371
96553386
717478067
19466782
469109106
177000060
46232155
868694521
814155589
63744878
433500328
342499132
415091900
50939826
496884974
423263133
771251569
445985852
288038288
407777119
718002387
731963970
334390353
764838545
837402511
591995141
680669043
512382499
107451828
929547430
513817307
235520694
577029540
48580942
141985735
812945914
17645417
348373574
474531500
91536259
103532912
770094739
361395901
421109697
219026722
527665367
268010661
736912703
547050731
523450473
316117883
175956453
592353151
474502816
652468844
335653975
786865108
266427143
877252456
111438011
92823943
35288440
273385799
216055331
633854247
141478660
69473403
225775509
768554696
700586902
188873388
722130098
551107342
530937580
498301233
15648150
179737121
921397744
763693747
634538687
863246604
703184628
989417079
667216618
231322548
12555441
68049109
775656109
887696409
301482302
84766478
838516043
966286398
782025602
778383539
705886917
667653496
373442402
638626359
931508313
368290492
458466060
726940175
692570184
600178810
665726079
744155304
47817620
376820365
810299700
307936332
612688955
923681613
325745842
427034063
233528640
997506335
250244967
658272909
613894515
388084856
369719798
767025176
691755126
965465565
531239625
904079458
234404496
584198334
739048588
164592166
964905478
862891196
189065863
819370978
989666413
752434545
687162682
399576884
225869674
687972736
101696668
770685497
860445516
909422334
942343527
534508823
877959076
314261651
144095827
903943778
552440442
334535324
461872277
211732417
30897560
290011000
603467324
919782692
913394501
432408520
808833235
399451354
130321328
368376509
329461409
606269008
479515648
438924385
455281895
791867352
567054270
647819473
520099295
482435057
442127914
545880575
728195262
769397444
507386234
100100592
812501162
84060302
559363219
608572471
260252548
881479076
166129763
580110089
459924434
614533593
580405319
867623948
871237531
904178976
423619358
323072438
315140721
838913546
673340984
168388581
145138610
280104208
645257477
95606372
712145082
473354640
863384504
477752413
522030274
910390386
382119853
738194710
422630501
1359023
745498799
169232466
138727060
560979833
555209817
166976315
991072969
217374814
269772870
83775496
367687445
306633586
869240796
185879109
685599724
413598988
903305264
175604063
780472886
370935734
730118928
979879139
558350355
968058783
822833407
879202128
147474106
440861459
749852534
635480768
181240535
796308875
149763656
210624299
848551364
408863796
886562981
695112053
735119896
747893085
465793655
509957835
534822922
916463485
261977624
639173184
861433173
890089951
478269411
947229570
505737148
540422565
764701678
111583930
964360943
952372267
53210484
610326651
476327632
400839263
6420428
195820607
35698301
217622993
592027142
406719708
714488284
598410469
954199722
529364772
918412535
704252842
940847865
711920957
553259923
310212823
295137163
39355848
531298426
95392525
268007691
657964667
209115197
562531749
75100671
621596721
229760622
543186568
689590293
797365118
821816304
632684337
138430630
70688593
642566779
365465152
246471274
512424668
924107313
19839615
833153831
976807734
91060669
891512860
574999824
875937562
917941713
112821095
214959845
571982162
232940463
446555129
673440106
935111299
117277407
800865851
934162222
400796990
760283348
783492814
365683440
386519580
535817260
725798133
679697467
629075227
910233111
472678554
564244725
358401232
745780991
833427583
44050325
688903728
464077900
794184380
973035692
611191356
529765566
926277819
222390710
931953269
957778124
541942598
569699601
189106803
588952650
732680795
603790294
294705834
585617118
305126074
23669656
934232668
198329615
610069628
47024338
705514497
910436661
97032608
175027798
208746792
918390192
301836467
233020730
558473601
306222417
228247088
275015334
659481870
672908632
449405329
427983950
107089906
440244772
117309274
741558808
503882408
44365066
134079526
970040604
763795511
23189495
737779097
451087511
492105533
685872736
122764913
923097655
678565300
697732680
203856585
795956464
436909979
776119669
47372255
360845046
578486616
354645325
513296023
609555633
18201073
604415625
70348684
512388053
299069371
527898129
276260636
506474889
934744232
346840435
586859608
171173038
408774427
440322586
74487005
325379009
449998232
550164481
997175010
210898619
710633885
488997047
69322320
291474896
111150670
242986725
576862138
685788623
868645243
238710231
332806978
234279564
580730679
285705992
363943915
787160271
819741567
340609949
734916509
841776924
471183619
300602189
193998322
495841741
182113905
792958678
952330856
366410687
495173152
98780798
153227493
945404195
141719919
614956499
259850765
855413881
640688213
749921198
539805943
858218152
960969029
889723482
246195759
549365062
581118543
164975774
695069510
24412475
166895452
991689489
401100391
505061520
242537871
377070216
394885613
724433738
978003494
334965189
580693669
658710838
774630322
645391333
910611430
715204779
158861137
389862823
273217217
712695455
182213819
759247218
948972265
351418602
57732907
115533390
234787237
305094189
651484379
557428879
472079525
850691042
36481277
800176236
659868715
315354608
834226651
10673455
475403606
234592098
7537034
542251656
827714563
938267769
234317039
608977761
474677992
165563671
566254223
686341444
612442433
327024125
499883013
503570137
122710931
639229204
285022180
198579292
136257243
412044286
799847246
755734401
687723935
66818162
352322110
636586224
630189911
2015673
45238282
784068229
671463587
505570087
674616544
280712533
507243160
486001908
167298270
464761383
263745687
237646839
787640714
566060230
707585770
567620117
594896969
421824973
706383200
426382253
916723221
857441006
416471292
515091808
936342178
939210117
354974266
160436528
388477486
756663223
529988838
799839410
394590071
862854655
297017126
157204721
405813950
963909365
137515644
878081208
65044616
318880841
589737988
901130434
238411802
169143297
916566289
87154893
928162899
816401349
379428885
196835872
437839163
568660924
491893288
838949675
204202848
104608371
447143237
723470162
159162632
688537565
990039367
216873121
287557140
478818889
223722499
582942742
899764425
992897309
113594757
356054492
781488693
107112453
892573544
750352845
434061762
250593909
661283761
949905312
274069375
885302877
791416600
343097668
793292688
127262031
520317447
172670554
670893064
920358842
331750136
442974321
456284041
204422455
773836710
12023254
39725291
704380646
592703348
141939275
45640239
952598922
782869990
23782402
79582137
438358947
308625544
565893401
615583789
39077518
84687876
937233022
25718790
881740419
398082430
832068227
325368012
534373985
153326352
777117542
556377508
294687850
567996988
610301263
753016457
833689724
518398616
964846863
281285483
228668446
819728320
479715195
134199278
247241038
478935968
885287130
349535721
927784164
547925202
786746303
894463869
834642024
92951994
767938671
266701566
592326869
241607220
858503599
724034124
342598300
53875419
801346135
719114456
918040898
442737508
938316834
37728343
571926908
564327006
897473590
820335715
359947046
552615237
964080496
504588652
575732201
87780695
36798198
543502132
261259530
61163086
324550213
696171598
600463519
809905901
351451755
744153584
180529009
849927874
783411149
600893131
566515388
644051531
546483910
359706163
175842526
644951150
802268206
355095001
314007782
464159380
823867664
490018460
257879207
728375667
667134468
772577822
347580374
839352703
318652064
1174986
458524230
995811761
528906532
189277862
729913093
17694611
273158006
182267002
157946363
423412649
222310953
337949341
492262443
205374761
486600429
220557233
653159377
708229656
541868653
320841932
836500315
341881369
129752405
368569475
326820448
337006766
317478245
158717996
192533563
107630315
582014946
402438111
849436504
44051785
719353997
600093459
379871527
530176691
571641423
281470738
102767723
562484283
91666617
113481679
675223563
680089221
974188336
305614325
848951593
560539433
122257661
927421456
656178055
208655803
105542201
70773476
309833677
498582471
110571819
594747307
373721381
85843184
850411505
353818305
455020244
961273482
812762250
885563970
880772417
515171660
442881931
103648085
751993288
447112471
791133862
936451806
465753494
284463461
803510264
320833650
706844704
202496552
891050337
757307682
301706835
550329851
670431272
84547874
873943651
838410844
426136526
831493634
45774560
397445744
572914160
469500653
212917756
347473725
395798969
88657237
922304317
723477948
371281125
353394795
64756978
304966526
998213935
370160015
656979388
97951873
395717217
736579768
258107650
801960352
328291055
372792514
131397265
701072080
974884544
956310539
29422660
634866488
816245147
330755036
925803712
596209386
503991483
206425886
930237296
514703219
572927974
197873428
632192826
86156302
1
2
889840848
