make.exe all -f f:\vscodes\${fileDirname} --print-data-base --no-builtin-variables --no-builtin-rules --question
make: f:\vscodes\${fileDirname}: No such file or directory

make: *** No rule to make target 'f:\vscodes\${fileDirname}'.  Stop.

# GNU Make 4.3
# Built for x86_64-w64-mingw32
# Copyright (C) 1988-2020 Free Software Foundation, Inc.
# License GPLv3+: GNU GPL version 3 or later <http://gnu.org/licenses/gpl.html>
# This is free software: you are free to change and redistribute it.
# There is NO WARRANTY, to the extent permitted by law.

# Make data base, printed on Mon Jun 13 17:42:21 2022

# Variables

# environment
FPS_BROWSER_APP_PROFILE_STRING = Internet Explorer
# environment
SYSTEMDRIVE = C:
# environment
LC_ALL = C
# environment
VBOX_HWVIRTEX_IGNORE_SVM_IN_USE = 1
# environment
USERPROFILE = C:\Users\tx995976
# environment
LOCALAPPDATA = C:\Users\tx995976\AppData\Local
# environment
VSCODE_IPC_HOOK_EXTHOST = \\.\pipe\vscode-ipc-2c8256a7-e12a-4a2f-aa0d-b8c8d3fa77a7-sock
# environment
VSCODE_CWD = D:\Program Files\vscode
# environment
SYSTEMROOT = C:\WINDOWS
# environment
PROCESSOR_LEVEL = 23
# environment
PSMODULEPATH = %ProgramFiles%\WindowsPowerShell\Modules;C:\WINDOWS\system32\WindowsPowerShell\v1.0\Modules
# default
MAKE_COMMAND := make.exe
# automatic
@D = $(patsubst %/,%,$(patsubst %\,%,$(dir $@)))
# environment
CHROME_CRASHPAD_PIPE_NAME = \\.\pipe\crashpad_24544_BDRWEYKWWVKKGCOD
# environment
FPS_BROWSER_USER_PROFILE_STRING = Default
# environment
VSCODE_HANDLES_UNCAUGHT_ERRORS = true
# default
.VARIABLES := 
# automatic
%D = $ 
(patsubst %/,%,$(patsubst %\,%,$(dir $%)))
# automatic
^D = $(patsubst %/,%,$(patsubst %\,%,$(dir $^)))
# environment
VSCODE_LOG_STACK = false
# automatic
%F = $(notdir $%)
# environment
VSCODE_CODE_CACHE_PATH = C:\Users\tx995976\AppData\Roaming\Code\CachedData\c3511e6c69bb39013c4a4b7b9566ec1ca73fc4d5
# environment
LANG = C
# default
.LOADED := 
# environment
TMP = C:\Users\tx995976\AppData\Local\Temp
# makefile
MAKEFLAGS = prR
# environment
INTEL_DEV_REDIST = C:\Program Files (x86)\Common Files\Intel\Share 
d Libraries\
# environment
ONEDRIVE = C:\Users\tx995976\OneDrive
# makefile
CURDIR := f:/vscodes
# environment
VSCODE_PIPE_LOGGING = true
# environment
APPLICATION_INSIGHTS_NO_DIAGNOSTIC_CHANNEL = true
# automatic
*D = $(patsubst %/,%,$(patsubst %\,%,$(dir $*)))
# environment
PROGRAMFILES = C:\Program Files
# environment
MFLAGS = -prR
# default
.SHELLFLAGS := -c
# environment
COMMONPROGRAMW6432 = C:\Program Files\Common Files
# automatic
+D = $(patsubst %/,%,$(patsubst %\,%,$(dir $+)))
# makefile
MAKEFILE_LIST := 
# automatic
@F = $(notdir $@)
# environment
VSCODE_VERBOSE_LOGGING = true
# environment
VSCODE_PID = 24544
# automatic
?D = $(patsubst %/,%,$(patsubst %\,%,$(dir $?)))
# automatic
*F = $(notdir $*)
# automatic
<D = $(patsubst %/,%,$(patsubst %\,%,$(dir $<)))
# environment
VSCODE_NLS_CONFIG = {"locale":"zh-cn","availableLanguages":{"*":"zh-cn"},"_languagePackId":"42e84e0914b17800d483f69e299e1b00.zh-cn","_translationsConfigFile":"C:\\Users\\tx995976\\AppData\\Roaming\\Code\\clp\\42e84e0914b17800d483f6 
9e299e1b00.zh-cn\\tcf.json","_cacheRoot":"C:\\Users\\tx995976\\AppData\\Roaming\\Code\\clp\\42e84e0914b17800d483f69e299e1b00.zh-cn","_resolvedLanguagePackCoreLocation":"C:\\Users\\tx995976\\AppData\\Roaming\\Code\\clp\\42e84e0914b17800d483f69e299e1b00.zh-cn\\c3511e6c69bb39013c4a4b7b9566ec1ca73fc4d5","_corruptedFile":"C:\\Users\\tx995976\\AppData\\Roaming\\Code\\clp\\42e84e0914b17800d483f69e299e1b00.zh-cn\\corrupted.info","_languagePackSupport":true}
# default
MAKE_HOST := x86_64-w64-mingw32
# environment
PROGRAMDATA = C:\ProgramData
# default
SHELL := sh.exe
# environment
HOMEPATH = \Users\tx995976
# default
MAKECMDGOALS := all
# environment
DRIVERDATA = C:\Windows\System32\Drivers\DriverData
# environment
COMSPEC = C:\WINDOWS\system32\cmd.exe
# environment
WINDIR = C:\WINDOWS
# environment
MAKELEVEL := 0
# default
MAKE = $(MAKE_COMMAND)
# environment
PATH = C:\Windows\system32;C:\Windows;C:\Windows\System32\Wbem;C:\Windows\System32\WindowsPowerShell\v1.0\;C:\Windows\System32\OpenSSH\;C:\WINDOWS\system32;C:\WINDOWS;C:\WINDOWS\System32\Wbem;C:\WINDOWS\System32\WindowsPowerShell\v1.0\;C:\WINDOWS\System32\OpenSSH\;C:\Program Files (x86)\NVIDIA Corporation\PhysX\Common;C:\Program Files (x86)\Common Files\Intel\Shared Libraries\redist\intel64\compiler;C:\Program Files\NVIDIA Corporation\NVIDIA NvDLISR;C:\Program Files\nodejs\;C:\Program Files\Microsoft SQL Server\130\Tools\Binn\;C:\Program Files\NVIDIA GPU Computing Toolkit\CUDA\v11.0\extras\CUPTI\lib64;C:\Program Files (x86)\Microsoft Visual Studio\2019\Professional\Common7\IDE\CommonExtensions\Microsoft\CMake\CMake\bin;C:\Program Files\Google\Chrome\Application\chromedriver.exe;C:\Users\tx995976\.local\bin;C:\Program Files\dotnet\;C:\mingw64\bin;d:\Program Files\Git\cmd;D:\Program Files\vmware\bin\;D:\Program Files\perl\perl\bin;D:\Program Files\PuTTY\;F:\java\jdk-17.0.1\bin;F:\java\gradle-6.9.1\bin;F:\build-tools;F:\lua-5.4.4\bin;F:\llvm_x64_gnu\bin;F:\php;F:\nasm-2.15.05;F:\openssl\bin;F:\php\ext;d:\Program Files\MATLAB\R2021b\bin;d:\Program Files\Conan\conan;C:\U 
sers\tx995976\AppData\Local\Programs\Python\Python39\Scripts\;C:\Users\tx995976\AppData\Local\Programs\Python\Python39\;C:\Users\tx995976\AppData\Local\Microsoft\WindowsApps;C:\Users\tx995976\AppData\Roaming\npm
# environment
COMPUTERNAME = LAPTOP-AFMRII7A
# default
MAKEFILES := 
# automatic
^F = $(notdir $^)
# environment
PROMPT = $P$G
# environment
LOGONSERVER = \\LAPTOP-AFMRII7A
# environment
VSCODE_LOG_NATIVE = false
# environment
USERNAME = tx995976
# environment
COMMONPROGRAMFILES = C:\Program Files\Common Files
# automatic
?F = $(notdir $?)
# environment
PROGRAMW6432 = C:\Program Files
# environment
PATHEXT = .COM;.EXE;.BAT;.CMD;.VBS;.VBE;.JS;.JSE;.WSF;.WSH;.MSC
# automatic
+F = $(notdir $+)
# environment
ORIGINAL_XDG_CURRENT_DESKTOP = undefined
# environment
USERDOMAIN = LAPTOP-AFMRII7A
# 'override' directive
GNUMAKEFLAGS := 
# environment
OS = Windows_NT
# makefile
.DEFAULT_GOAL := 
# default
MAKE_VERSION := 4.3
# environment
PROGRAMFILES(X86) = C:\Program Files (x86)
# environment
USERDOMAIN_ROAMING 
PROFILE = LAPTOP-AFMRII7A
# environment
NUMBER_OF_PROCESSORS = 16
# environment
PUBLIC = C:\Users\Public
# environment
APPDATA = C:\Users\tx995976\AppData\Roaming
# environment
HOMEDRIVE = C:
# environment
PROCESSOR_ARCHITECTURE = AMD64
# environment
VSCODE_AMD_ENTRYPOINT = vs/workbench/api/node/extensionHostProcess
# environment
COMMONPROGRAMFILES(X86) = C:\Program Files (x86)\Common Files
# environment
ELECTRON_RUN_AS_NODE = 1
# environment
TEMP = C:\Users\tx995976\AppData\Local\Temp
# environment
VSCODE_ 
IPC_HOOK = \\.\pipe\a46d2d7d4156617443070004696ce2ac-1.67.2-main-sock
# default
.RECIPEPREFIX := 
# automatic
<F = $(notdir $<)
# default
SUFFIXES := 
# environment
ALLUSERSPROFILE = C:\ProgramData
# default
.FEATURES := target-specific order-only second-expansion else-if shortest-stem undefine oneshell nocomment grouped-target extra-prereqs archives jobserver output-sync
# environment
MIC_LD_LIBRARY_PATH = C:\Program Files (x86)\Common Files\Intel\Shared Libraries\compiler\lib\mic
# environment
PROCESSOR_R 
EVISION = 6001
# environment
PROCESSOR_IDENTIFIER = AMD64 Family 23 Model 96 Stepping 1, AuthenticAMD
# variable set hash-table stats:
# Load=94/1024=9%, Rehash=0, Collisions=10/114=9%

# Pattern-specific Variable Values

# No pattern-specific variable values.

# Directories


# No files, no impossibilities in 0 directories.

# Implicit Rules

# No implicit rules.

# Files

# Not a target:
all:
#  Command line target.
#  Implicit rule search has not been done.
#  Modification time never checked.
#  File has 
 not been updated.

# Not a target:
.DEFAULT:
#  Implicit rule search has not been done.
#  Modification time never checked.
#  File has not been updated.

# Not a target:
f:\vscodes\${fileDirname}:
#  Implicit rule search has been done.
#  File does not exist.
#  File has not been updated.

# files hash-table stats:
# Load=4/1024=0%, Rehash=0, Collisions=0/14=0%
# VPATH Search Paths

# No 'vpath' search paths.

# No general ('VPATH' variable) search path.

# strcache buffers: 1 (0) / strings = 4 / storage  
= 49 B / avg = 12 B
# current buf: size = 8162 B / used = 49 B / count = 4 / avg = 12 B

# strcache performance: lookups = 6 / hit rate = 33%
# hash-table stats:
# Load=4/8192=0%, Rehash=0, Collisions=0/6=0%
# Finished Make data base on Mon Jun 13 17:42:21 2022

 
